VGG16 weights loaded
e:0/100, 100 loss: -14.809 acc: 0.000000
e:0/100, 200 loss: -15.547 acc: 0.000000
e:0/100, 300 loss: -15.962 acc: 0.000000
e:0/100, 400 loss: -16.206 acc: 0.000000
e:0/100, 500 loss: -16.378 acc: 0.000000
Training for batch 0 is done
e:1/100, 100 loss: -13.647 acc: 0.000000
e:1/100, 200 loss: -16.074 acc: 0.000000
e:1/100, 300 loss: -16.861 acc: 0.000000
e:1/100, 400 loss: -17.291 acc: 0.000000
e:1/100, 500 loss: -17.564 acc: 0.000000
Training for batch 1 is done
e:2/100, 100 loss: -13.199 acc: 0.000000
e:2/100, 200 loss: -14.412 acc: 0.000000
e:2/100, 300 loss: -14.886 acc: 0.000000
e:2/100, 400 loss: -15.132 acc: 0.000000
e:2/100, 500 loss: -15.278 acc: 0.000000
Training for batch 2 is done
e:3/100, 100 loss: -15.621 acc: 0.000000
e:3/100, 200 loss: -16.732 acc: 0.000000
e:3/100, 300 loss: -17.241 acc: 0.000000
e:3/100, 400 loss: -17.544 acc: 0.000000
e:3/100, 500 loss: -17.833 acc: 0.000000
Training for batch 3 is done
e:4/100, 100 loss: -0.000 acc: 1.000000
e:4/100, 200 loss: -0.000 acc: 1.000000
e:4/100, 300 loss: -0.000 acc: 1.000000
e:4/100, 400 loss: -0.000 acc: 1.000000
e:4/100, 500 loss: -0.000 acc: 1.000000
Training for batch 4 is done
e:5/100, 100 loss: -11.611 acc: 0.000000
e:5/100, 200 loss: -14.245 acc: 0.000000
e:5/100, 300 loss: -14.830 acc: 0.000000
e:5/100, 400 loss: -15.232 acc: 0.000000
e:5/100, 500 loss: -15.477 acc: 0.000000
Training for batch 5 is done
e:6/100, 100 loss: -11.566 acc: 0.000000
e:6/100, 200 loss: -12.047 acc: 0.000000
e:6/100, 300 loss: -12.204 acc: 0.000000
e:6/100, 400 loss: -12.309 acc: 0.000000
e:6/100, 500 loss: -12.392 acc: 0.000000
Training for batch 6 is done
e:7/100, 100 loss: -0.000 acc: 1.000000
e:7/100, 200 loss: -0.000 acc: 1.000000
e:7/100, 300 loss: -0.000 acc: 1.000000
e:7/100, 400 loss: -0.000 acc: 1.000000
e:7/100, 500 loss: -0.000 acc: 1.000000
Training for batch 7 is done
e:8/100, 100 loss: -12.103 acc: 0.000000
e:8/100, 200 loss: -13.595 acc: 0.000000
e:8/100, 300 loss: -14.183 acc: 0.000000
e:8/100, 400 loss: -14.613 acc: 0.000000
e:8/100, 500 loss: -14.841 acc: 0.000000
Training for batch 8 is done
e:9/100, 100 loss: -13.244 acc: 0.000000
e:9/100, 200 loss: -13.722 acc: 0.000000
e:9/100, 300 loss: -13.915 acc: 0.000000
e:9/100, 400 loss: -14.073 acc: 0.000000
e:9/100, 500 loss: -14.196 acc: 0.000000
Training for batch 9 is done
e:10/100, 100 loss: -12.812 acc: 0.000000
e:10/100, 200 loss: -13.345 acc: 0.000000
e:10/100, 300 loss: -13.771 acc: 0.000000
e:10/100, 400 loss: -14.153 acc: 0.000000
e:10/100, 500 loss: -14.474 acc: 0.000000
Training for batch 10 is done
e:11/100, 100 loss: -12.430 acc: 0.000000
e:11/100, 200 loss: -13.934 acc: 0.000000
e:11/100, 300 loss: -14.534 acc: 0.000000
e:11/100, 400 loss: -14.943 acc: 0.000000
e:11/100, 500 loss: -15.236 acc: 0.000000
Training for batch 11 is done
e:12/100, 100 loss: -12.798 acc: 0.000000
e:12/100, 200 loss: -13.895 acc: 0.000000
e:12/100, 300 loss: -14.757 acc: 0.000000
e:12/100, 400 loss: -15.422 acc: 0.000000
e:12/100, 500 loss: -15.830 acc: 0.000000
Training for batch 12 is done
e:13/100, 100 loss: -12.175 acc: 0.000000
e:13/100, 200 loss: -13.103 acc: 0.000000
e:13/100, 300 loss: -13.584 acc: 0.000000
e:13/100, 400 loss: -13.915 acc: 0.000000
e:13/100, 500 loss: -14.101 acc: 0.000000
Training for batch 13 is done
e:14/100, 100 loss: -12.734 acc: 0.000000
e:14/100, 200 loss: -13.466 acc: 0.000000
e:14/100, 300 loss: -13.849 acc: 0.000000
e:14/100, 400 loss: -14.107 acc: 0.000000
e:14/100, 500 loss: -14.283 acc: 0.000000
Training for batch 14 is done
e:15/100, 100 loss: -13.306 acc: 0.000000
e:15/100, 200 loss: -15.131 acc: 0.000000
e:15/100, 300 loss: -16.192 acc: 0.000000
e:15/100, 400 loss: -16.656 acc: 0.000000
e:15/100, 500 loss: -16.822 acc: 0.000000
Training for batch 15 is done
e:16/100, 100 loss: -12.054 acc: 0.000000
e:16/100, 200 loss: -13.318 acc: 0.000000
e:16/100, 300 loss: -13.927 acc: 0.000000
e:16/100, 400 loss: -14.273 acc: 0.000000
e:16/100, 500 loss: -14.524 acc: 0.000000
Training for batch 16 is done
e:17/100, 100 loss: -15.557 acc: 0.000000
e:17/100, 200 loss: -17.915 acc: 0.000000
e:17/100, 300 loss: -19.374 acc: 0.000000
e:17/100, 400 loss: -20.148 acc: 0.000000
e:17/100, 500 loss: -20.814 acc: 0.000000
Training for batch 17 is done
e:18/100, 100 loss: -13.083 acc: 0.000000
e:18/100, 200 loss: -14.493 acc: 0.000000
e:18/100, 300 loss: -15.567 acc: 0.000000
e:18/100, 400 loss: -16.317 acc: 0.000000
e:18/100, 500 loss: -16.864 acc: 0.000000
Training for batch 18 is done
e:19/100, 100 loss: -13.617 acc: 0.000000
e:19/100, 200 loss: -14.478 acc: 0.000000
e:19/100, 300 loss: -14.859 acc: 0.000000
e:19/100, 400 loss: -15.132 acc: 0.000000
e:19/100, 500 loss: -15.301 acc: 0.000000
Training for batch 19 is done
e:20/100, 100 loss: -14.600 acc: 0.000000
e:20/100, 200 loss: -16.204 acc: 0.000000
e:20/100, 300 loss: -17.110 acc: 0.000000
e:20/100, 400 loss: -17.834 acc: 0.000000
e:20/100, 500 loss: -18.272 acc: 0.000000
Training for batch 20 is done
e:21/100, 100 loss: -10.536 acc: 0.000000
e:21/100, 200 loss: -11.332 acc: 0.000000
e:21/100, 300 loss: -11.678 acc: 0.000000
e:21/100, 400 loss: -11.976 acc: 0.000000
e:21/100, 500 loss: -12.179 acc: 0.000000
Training for batch 21 is done
e:22/100, 100 loss: -14.674 acc: 0.000000
e:22/100, 200 loss: -15.372 acc: 0.000000
e:22/100, 300 loss: -15.752 acc: 0.000000
e:22/100, 400 loss: -15.945 acc: 0.000000
e:22/100, 500 loss: -16.102 acc: 0.000000
Training for batch 22 is done
e:23/100, 100 loss: -13.013 acc: 0.000000
e:23/100, 200 loss: -15.081 acc: 0.000000
e:23/100, 300 loss: -15.843 acc: 0.000000
e:23/100, 400 loss: -16.192 acc: 0.000000
e:23/100, 500 loss: -16.381 acc: 0.000000
Training for batch 23 is done
e:24/100, 100 loss: -12.453 acc: 0.000000
e:24/100, 200 loss: -14.058 acc: 0.000000
e:24/100, 300 loss: -14.832 acc: 0.000000
e:24/100, 400 loss: -15.311 acc: 0.000000
e:24/100, 500 loss: -15.676 acc: 0.000000
Training for batch 24 is done
e:25/100, 100 loss: -13.576 acc: 0.000000
e:25/100, 200 loss: -14.553 acc: 0.000000
e:25/100, 300 loss: -15.003 acc: 0.000000
e:25/100, 400 loss: -15.271 acc: 0.000000
e:25/100, 500 loss: -15.511 acc: 0.000000
Training for batch 25 is done
e:26/100, 100 loss: -14.775 acc: 0.000000
e:26/100, 200 loss: -16.804 acc: 0.000000
e:26/100, 300 loss: -17.986 acc: 0.000000
e:26/100, 400 loss: -18.670 acc: 0.000000
e:26/100, 500 loss: -19.131 acc: 0.000000
Training for batch 26 is done
e:27/100, 100 loss: -13.954 acc: 0.000000
e:27/100, 200 loss: -14.906 acc: 0.000000
e:27/100, 300 loss: -15.362 acc: 0.000000
e:27/100, 400 loss: -15.678 acc: 0.000000
e:27/100, 500 loss: -15.929 acc: 0.000000
Training for batch 27 is done
e:28/100, 100 loss: -13.325 acc: 0.000000
e:28/100, 200 loss: -14.192 acc: 0.000000
e:28/100, 300 loss: -15.018 acc: 0.000000
e:28/100, 400 loss: -15.537 acc: 0.000000
e:28/100, 500 loss: -15.977 acc: 0.000000
Training for batch 28 is done
e:29/100, 100 loss: -11.776 acc: 0.000000
e:29/100, 200 loss: -13.030 acc: 0.000000
e:29/100, 300 loss: -13.739 acc: 0.000000
e:29/100, 400 loss: -14.096 acc: 0.000000
e:29/100, 500 loss: -14.307 acc: 0.000000
Training for batch 29 is done
e:30/100, 100 loss: -0.000 acc: 1.000000
e:30/100, 200 loss: -0.000 acc: 1.000000
e:30/100, 300 loss: -0.000 acc: 1.000000
e:30/100, 400 loss: -0.000 acc: 1.000000
e:30/100, 500 loss: -0.000 acc: 1.000000
Training for batch 30 is done
e:31/100, 100 loss: -13.950 acc: 0.000000
e:31/100, 200 loss: -15.131 acc: 0.000000
e:31/100, 300 loss: -15.562 acc: 0.000000
e:31/100, 400 loss: -15.822 acc: 0.000000
e:31/100, 500 loss: -15.993 acc: 0.000000
Training for batch 31 is done
e:32/100, 100 loss: -13.371 acc: 0.000000
e:32/100, 200 loss: -14.773 acc: 0.000000
e:32/100, 300 loss: -15.251 acc: 0.000000
e:32/100, 400 loss: -15.567 acc: 0.000000
e:32/100, 500 loss: -15.771 acc: 0.000000
Training for batch 32 is done
e:33/100, 100 loss: -12.950 acc: 0.000000
e:33/100, 200 loss: -14.117 acc: 0.000000
e:33/100, 300 loss: -14.680 acc: 0.000000
e:33/100, 400 loss: -15.074 acc: 0.000000
e:33/100, 500 loss: -15.379 acc: 0.000000
Training for batch 33 is done
e:34/100, 100 loss: -14.639 acc: 0.000000
e:34/100, 200 loss: -16.027 acc: 0.000000
e:34/100, 300 loss: -16.743 acc: 0.000000
e:34/100, 400 loss: -17.190 acc: 0.000000
e:34/100, 500 loss: -17.456 acc: 0.000000
Training for batch 34 is done
e:35/100, 100 loss: -12.836 acc: 0.000000
e:35/100, 200 loss: -14.333 acc: 0.000000
e:35/100, 300 loss: -15.062 acc: 0.000000
e:35/100, 400 loss: -15.455 acc: 0.000000
e:35/100, 500 loss: -15.733 acc: 0.000000
Training for batch 35 is done
e:36/100, 100 loss: -14.604 acc: 0.000000
e:36/100, 200 loss: -16.581 acc: 0.000000
e:36/100, 300 loss: -17.699 acc: 0.000000
e:36/100, 400 loss: -18.505 acc: 0.000000
e:36/100, 500 loss: -19.147 acc: 0.000000
Training for batch 36 is done
e:37/100, 100 loss: -13.427 acc: 0.000000
e:37/100, 200 loss: -14.593 acc: 0.000000
e:37/100, 300 loss: -15.105 acc: 0.000000
e:37/100, 400 loss: -15.439 acc: 0.000000
e:37/100, 500 loss: -15.651 acc: 0.000000
Training for batch 37 is done
e:38/100, 100 loss: -11.859 acc: 0.000000
e:38/100, 200 loss: -14.100 acc: 0.000000
e:38/100, 300 loss: -15.023 acc: 0.000000
e:38/100, 400 loss: -15.643 acc: 0.000000
e:38/100, 500 loss: -16.051 acc: 0.000000
Training for batch 38 is done
e:39/100, 100 loss: -10.948 acc: 0.000000
e:39/100, 200 loss: -13.393 acc: 0.000000
e:39/100, 300 loss: -15.450 acc: 0.000000
e:39/100, 400 loss: -17.720 acc: 0.000000
e:39/100, 500 loss: -19.839 acc: 0.000000
Training for batch 39 is done
e:40/100, 100 loss: -12.344 acc: 0.000000
e:40/100, 200 loss: -13.105 acc: 0.000000
e:40/100, 300 loss: -13.434 acc: 0.000000
e:40/100, 400 loss: -13.657 acc: 0.000000
e:40/100, 500 loss: -13.820 acc: 0.000000
Training for batch 40 is done
e:41/100, 100 loss: -10.148 acc: 0.000000
e:41/100, 200 loss: -12.116 acc: 0.000000
e:41/100, 300 loss: -12.748 acc: 0.000000
e:41/100, 400 loss: -13.102 acc: 0.000000
e:41/100, 500 loss: -13.264 acc: 0.000000
Training for batch 41 is done
e:42/100, 100 loss: -11.842 acc: 0.000000
e:42/100, 200 loss: -12.310 acc: 0.000000
e:42/100, 300 loss: -12.470 acc: 0.000000
e:42/100, 400 loss: -12.576 acc: 0.000000
e:42/100, 500 loss: -12.655 acc: 0.000000
Training for batch 42 is done
e:43/100, 100 loss: -12.882 acc: 0.000000
e:43/100, 200 loss: -14.034 acc: 0.000000
e:43/100, 300 loss: -14.494 acc: 0.000000
e:43/100, 400 loss: -14.857 acc: 0.000000
e:43/100, 500 loss: -15.077 acc: 0.000000
Training for batch 43 is done
e:44/100, 100 loss: -11.822 acc: 0.000000
e:44/100, 200 loss: -13.092 acc: 0.000000
e:44/100, 300 loss: -13.630 acc: 0.000000
e:44/100, 400 loss: -13.834 acc: 0.000000
e:44/100, 500 loss: -13.996 acc: 0.000000
Training for batch 44 is done
e:45/100, 100 loss: -10.833 acc: 0.000000
e:45/100, 200 loss: -12.039 acc: 0.000000
e:45/100, 300 loss: -12.461 acc: 0.000000
e:45/100, 400 loss: -12.730 acc: 0.000000
e:45/100, 500 loss: -12.953 acc: 0.000000
Training for batch 45 is done
e:46/100, 100 loss: -10.912 acc: 0.000000
e:46/100, 200 loss: -12.632 acc: 0.000000
e:46/100, 300 loss: -13.335 acc: 0.000000
e:46/100, 400 loss: -13.872 acc: 0.000000
e:46/100, 500 loss: -14.178 acc: 0.000000
Training for batch 46 is done
e:47/100, 100 loss: -12.670 acc: 0.000000
e:47/100, 200 loss: -13.597 acc: 0.000000
e:47/100, 300 loss: -14.047 acc: 0.000000
e:47/100, 400 loss: -14.273 acc: 0.000000
e:47/100, 500 loss: -14.434 acc: 0.000000
Training for batch 47 is done
e:48/100, 100 loss: -12.409 acc: 0.000000
e:48/100, 200 loss: -13.237 acc: 0.000000
e:48/100, 300 loss: -13.587 acc: 0.000000
e:48/100, 400 loss: -13.779 acc: 0.000000
e:48/100, 500 loss: -13.910 acc: 0.000000
Training for batch 48 is done
e:49/100, 100 loss: -12.002 acc: 0.000000
e:49/100, 200 loss: -12.514 acc: 0.000000
e:49/100, 300 loss: -12.763 acc: 0.000000
e:49/100, 400 loss: -12.908 acc: 0.000000
e:49/100, 500 loss: -13.017 acc: 0.000000
Training for batch 49 is done
e:50/100, 100 loss: -12.403 acc: 0.000000
e:50/100, 200 loss: -13.868 acc: 0.000000
e:50/100, 300 loss: -14.815 acc: 0.000000
e:50/100, 400 loss: -15.520 acc: 0.000000
e:50/100, 500 loss: -15.732 acc: 0.000000
Training for batch 50 is done
e:51/100, 100 loss: -12.189 acc: 0.000000
e:51/100, 200 loss: -12.933 acc: 0.000000
e:51/100, 300 loss: -13.301 acc: 0.000000
e:51/100, 400 loss: -13.514 acc: 0.000000
e:51/100, 500 loss: -13.660 acc: 0.000000
Training for batch 51 is done
e:52/100, 100 loss: -14.298 acc: 0.000000
e:52/100, 200 loss: -15.211 acc: 0.000000
e:52/100, 300 loss: -15.618 acc: 0.000000
e:52/100, 400 loss: -15.827 acc: 0.000000
e:52/100, 500 loss: -15.972 acc: 0.000000
Training for batch 52 is done
e:53/100, 100 loss: -12.418 acc: 0.000000
e:53/100, 200 loss: -13.798 acc: 0.000000
e:53/100, 300 loss: -14.283 acc: 0.000000
e:53/100, 400 loss: -14.528 acc: 0.000000
e:53/100, 500 loss: -14.679 acc: 0.000000
Training for batch 53 is done
e:54/100, 100 loss: -11.817 acc: 0.000000
e:54/100, 200 loss: -12.454 acc: 0.000000
e:54/100, 300 loss: -12.705 acc: 0.000000
e:54/100, 400 loss: -12.878 acc: 0.000000
e:54/100, 500 loss: -13.051 acc: 0.000000
Training for batch 54 is done
e:55/100, 100 loss: -11.458 acc: 0.000000
e:55/100, 200 loss: -12.271 acc: 0.000000
e:55/100, 300 loss: -12.689 acc: 0.000000
e:55/100, 400 loss: -13.012 acc: 0.000000
e:55/100, 500 loss: -13.298 acc: 0.000000
Training for batch 55 is done
e:56/100, 100 loss: -12.520 acc: 0.000000
e:56/100, 200 loss: -13.280 acc: 0.000000
e:56/100, 300 loss: -13.639 acc: 0.000000
e:56/100, 400 loss: -13.873 acc: 0.000000
e:56/100, 500 loss: -14.057 acc: 0.000000
Training for batch 56 is done
e:57/100, 100 loss: -13.803 acc: 0.000000
e:57/100, 200 loss: -15.581 acc: 0.000000
e:57/100, 300 loss: -16.209 acc: 0.000000
e:57/100, 400 loss: -16.601 acc: 0.000000
e:57/100, 500 loss: -16.966 acc: 0.000000
Training for batch 57 is done
e:58/100, 100 loss: -13.251 acc: 0.000000
e:58/100, 200 loss: -14.399 acc: 0.000000
e:58/100, 300 loss: -14.761 acc: 0.000000
e:58/100, 400 loss: -15.030 acc: 0.000000
e:58/100, 500 loss: -15.227 acc: 0.000000
Training for batch 58 is done
e:59/100, 100 loss: -12.545 acc: 0.000000
e:59/100, 200 loss: -13.611 acc: 0.000000
e:59/100, 300 loss: -13.935 acc: 0.000000
e:59/100, 400 loss: -14.193 acc: 0.000000
e:59/100, 500 loss: -14.377 acc: 0.000000
Training for batch 59 is done
e:60/100, 100 loss: -10.208 acc: 0.000000
e:60/100, 200 loss: -12.193 acc: 0.000000
e:60/100, 300 loss: -13.159 acc: 0.000000
e:60/100, 400 loss: -13.467 acc: 0.000000
e:60/100, 500 loss: -13.696 acc: 0.000000
Training for batch 60 is done
e:61/100, 100 loss: -0.000 acc: 1.000000
e:61/100, 200 loss: -0.000 acc: 1.000000
e:61/100, 300 loss: -0.000 acc: 1.000000
e:61/100, 400 loss: -0.000 acc: 1.000000
e:61/100, 500 loss: -0.000 acc: 1.000000
Training for batch 61 is done
e:62/100, 100 loss: -13.220 acc: 0.000000
e:62/100, 200 loss: -14.433 acc: 0.000000
e:62/100, 300 loss: -14.922 acc: 0.000000
e:62/100, 400 loss: -15.262 acc: 0.000000
e:62/100, 500 loss: -15.537 acc: 0.000000
Training for batch 62 is done
e:63/100, 100 loss: -11.057 acc: 0.000000
e:63/100, 200 loss: -11.701 acc: 0.000000
e:63/100, 300 loss: -11.873 acc: 0.000000
e:63/100, 400 loss: -11.960 acc: 0.000000
e:63/100, 500 loss: -12.025 acc: 0.000000
Training for batch 63 is done
e:64/100, 100 loss: -10.968 acc: 0.000000
e:64/100, 200 loss: -12.050 acc: 0.000000
e:64/100, 300 loss: -12.593 acc: 0.000000
e:64/100, 400 loss: -12.868 acc: 0.000000
e:64/100, 500 loss: -13.038 acc: 0.000000
Training for batch 64 is done
e:65/100, 100 loss: -10.980 acc: 0.000000
e:65/100, 200 loss: -12.508 acc: 0.000000
e:65/100, 300 loss: -12.995 acc: 0.000000
e:65/100, 400 loss: -13.281 acc: 0.000000
e:65/100, 500 loss: -13.450 acc: 0.000000
Training for batch 65 is done
e:66/100, 100 loss: -12.131 acc: 0.000000
e:66/100, 200 loss: -12.734 acc: 0.000000
e:66/100, 300 loss: -13.040 acc: 0.000000
e:66/100, 400 loss: -13.213 acc: 0.000000
e:66/100, 500 loss: -13.329 acc: 0.000000
Training for batch 66 is done
e:67/100, 100 loss: -14.659 acc: 0.000000
e:67/100, 200 loss: -15.495 acc: 0.000000
e:67/100, 300 loss: -15.821 acc: 0.000000
e:67/100, 400 loss: -15.980 acc: 0.000000
e:67/100, 500 loss: -16.084 acc: 0.000000
Training for batch 67 is done
e:68/100, 100 loss: -13.124 acc: 0.000000
e:68/100, 200 loss: -14.619 acc: 0.000000
e:68/100, 300 loss: -15.279 acc: 0.000000
e:68/100, 400 loss: -15.696 acc: 0.000000
e:68/100, 500 loss: -15.935 acc: 0.000000
Training for batch 68 is done
e:69/100, 100 loss: -13.485 acc: 0.000000
e:69/100, 200 loss: -14.679 acc: 0.000000
e:69/100, 300 loss: -15.018 acc: 0.000000
e:69/100, 400 loss: -15.199 acc: 0.000000
e:69/100, 500 loss: -15.311 acc: 0.000000
Training for batch 69 is done
e:70/100, 100 loss: -13.612 acc: 0.000000
e:70/100, 200 loss: -14.733 acc: 0.000000
e:70/100, 300 loss: -15.186 acc: 0.000000
e:70/100, 400 loss: -15.475 acc: 0.000000
e:70/100, 500 loss: -15.702 acc: 0.000000
Training for batch 70 is done
e:71/100, 100 loss: -13.453 acc: 0.000000
e:71/100, 200 loss: -14.427 acc: 0.000000
e:71/100, 300 loss: -14.832 acc: 0.000000
e:71/100, 400 loss: -15.030 acc: 0.000000
e:71/100, 500 loss: -15.154 acc: 0.000000
Training for batch 71 is done
e:72/100, 100 loss: -13.543 acc: 0.000000
e:72/100, 200 loss: -14.224 acc: 0.000000
e:72/100, 300 loss: -14.718 acc: 0.000000
e:72/100, 400 loss: -14.994 acc: 0.000000
e:72/100, 500 loss: -15.204 acc: 0.000000
Training for batch 72 is done
e:73/100, 100 loss: -13.445 acc: 0.000000
e:73/100, 200 loss: -15.017 acc: 0.000000
e:73/100, 300 loss: -15.765 acc: 0.000000
e:73/100, 400 loss: -16.308 acc: 0.000000
e:73/100, 500 loss: -16.596 acc: 0.000000
Training for batch 73 is done
e:74/100, 100 loss: -13.601 acc: 0.000000
e:74/100, 200 loss: -15.259 acc: 0.000000
e:74/100, 300 loss: -16.167 acc: 0.000000
e:74/100, 400 loss: -16.695 acc: 0.000000
e:74/100, 500 loss: -17.055 acc: 0.000000
Training for batch 74 is done
e:75/100, 100 loss: -14.285 acc: 0.000000
e:75/100, 200 loss: -15.574 acc: 0.000000
e:75/100, 300 loss: -16.119 acc: 0.000000
e:75/100, 400 loss: -16.413 acc: 0.000000
e:75/100, 500 loss: -16.568 acc: 0.000000
Training for batch 75 is done
e:76/100, 100 loss: -12.473 acc: 0.000000
e:76/100, 200 loss: -13.446 acc: 0.000000
e:76/100, 300 loss: -13.791 acc: 0.000000
e:76/100, 400 loss: -15.365 acc: 0.000000
e:76/100, 500 loss: -15.667 acc: 0.000000
Training for batch 76 is done
e:77/100, 100 loss: -12.491 acc: 0.000000
e:77/100, 200 loss: -13.389 acc: 0.000000
e:77/100, 300 loss: -13.704 acc: 0.000000
e:77/100, 400 loss: -13.919 acc: 0.000000
e:77/100, 500 loss: -14.100 acc: 0.000000
Training for batch 77 is done
e:78/100, 100 loss: -13.117 acc: 0.000000
e:78/100, 200 loss: -14.242 acc: 0.000000
e:78/100, 300 loss: -14.899 acc: 0.000000
e:78/100, 400 loss: -15.397 acc: 0.000000
e:78/100, 500 loss: -15.685 acc: 0.000000
Training for batch 78 is done
e:79/100, 100 loss: -11.266 acc: 0.000000
e:79/100, 200 loss: -12.737 acc: 0.000000
e:79/100, 300 loss: -13.214 acc: 0.000000
e:79/100, 400 loss: -13.413 acc: 0.000000
e:79/100, 500 loss: -13.560 acc: 0.000000
Training for batch 79 is done
e:80/100, 100 loss: -13.166 acc: 0.000000
e:80/100, 200 loss: -14.729 acc: 0.000000
e:80/100, 300 loss: -15.626 acc: 0.000000
e:80/100, 400 loss: -16.020 acc: 0.000000
e:80/100, 500 loss: -16.326 acc: 0.000000
Training for batch 80 is done
e:81/100, 100 loss: -12.623 acc: 0.000000
e:81/100, 200 loss: -13.347 acc: 0.000000
e:81/100, 300 loss: -13.734 acc: 0.000000
e:81/100, 400 loss: -13.974 acc: 0.000000
e:81/100, 500 loss: -14.150 acc: 0.000000
Training for batch 81 is done
e:82/100, 100 loss: -13.226 acc: 0.000000
e:82/100, 200 loss: -13.984 acc: 0.000000
e:82/100, 300 loss: -14.339 acc: 0.000000
e:82/100, 400 loss: -14.683 acc: 0.000000
e:82/100, 500 loss: -15.065 acc: 0.000000
Training for batch 82 is done
e:83/100, 100 loss: -12.357 acc: 0.000000
e:83/100, 200 loss: -13.236 acc: 0.000000
e:83/100, 300 loss: -13.589 acc: 0.000000
e:83/100, 400 loss: -13.841 acc: 0.000000
e:83/100, 500 loss: -14.087 acc: 0.000000
Training for batch 83 is done
e:84/100, 100 loss: -13.590 acc: 0.000000
e:84/100, 200 loss: -14.979 acc: 0.000000
e:84/100, 300 loss: -15.676 acc: 0.000000
e:84/100, 400 loss: -16.053 acc: 0.000000
e:84/100, 500 loss: -16.385 acc: 0.000000
Training for batch 84 is done
e:85/100, 100 loss: -13.046 acc: 0.000000
e:85/100, 200 loss: -13.933 acc: 0.000000
e:85/100, 300 loss: -14.299 acc: 0.000000
e:85/100, 400 loss: -14.524 acc: 0.000000
e:85/100, 500 loss: -14.677 acc: 0.000000
Training for batch 85 is done
e:86/100, 100 loss: -13.243 acc: 0.000000
e:86/100, 200 loss: -14.077 acc: 0.000000
e:86/100, 300 loss: -14.492 acc: 0.000000
e:86/100, 400 loss: -14.794 acc: 0.000000
e:86/100, 500 loss: -14.999 acc: 0.000000
Training for batch 86 is done
e:87/100, 100 loss: -13.921 acc: 0.000000
e:87/100, 200 loss: -15.376 acc: 0.000000
e:87/100, 300 loss: -16.011 acc: 0.000000
e:87/100, 400 loss: -16.608 acc: 0.000000
e:87/100, 500 loss: -16.964 acc: 0.000000
Training for batch 87 is done
e:88/100, 100 loss: -9.527 acc: 0.000000
e:88/100, 200 loss: -11.716 acc: 0.000000
e:88/100, 300 loss: -12.578 acc: 0.000000
e:88/100, 400 loss: -12.971 acc: 0.000000
e:88/100, 500 loss: -13.189 acc: 0.000000
Training for batch 88 is done
e:89/100, 100 loss: -13.570 acc: 0.000000
e:89/100, 200 loss: -14.499 acc: 0.000000
e:89/100, 300 loss: -14.996 acc: 0.000000
e:89/100, 400 loss: -15.313 acc: 0.000000
e:89/100, 500 loss: -15.531 acc: 0.000000
Training for batch 89 is done
e:90/100, 100 loss: -14.805 acc: 0.000000
e:90/100, 200 loss: -16.658 acc: 0.000000
e:90/100, 300 loss: -17.409 acc: 0.000000
e:90/100, 400 loss: -17.891 acc: 0.000000
e:90/100, 500 loss: -18.204 acc: 0.000000
Training for batch 90 is done
e:91/100, 100 loss: -15.941 acc: 0.000000
e:91/100, 200 loss: -18.647 acc: 0.000000
e:91/100, 300 loss: -19.823 acc: 0.000000
e:91/100, 400 loss: -20.476 acc: 0.000000
e:91/100, 500 loss: -20.964 acc: 0.000000
Training for batch 91 is done
e:92/100, 100 loss: -11.462 acc: 0.000000
e:92/100, 200 loss: -12.748 acc: 0.000000
e:92/100, 300 loss: -14.057 acc: 0.000000
e:92/100, 400 loss: -14.537 acc: 0.000000
e:92/100, 500 loss: -14.841 acc: 0.000000
Training for batch 92 is done
e:93/100, 100 loss: -12.403 acc: 0.000000
e:93/100, 200 loss: -13.457 acc: 0.000000
e:93/100, 300 loss: -14.248 acc: 0.000000
e:93/100, 400 loss: -14.843 acc: 0.000000
e:93/100, 500 loss: -15.240 acc: 0.000000
Training for batch 93 is done
e:94/100, 100 loss: -14.368 acc: 0.000000
e:94/100, 200 loss: -15.356 acc: 0.000000
e:94/100, 300 loss: -15.764 acc: 0.000000
e:94/100, 400 loss: -15.977 acc: 0.000000
e:94/100, 500 loss: -16.116 acc: 0.000000
Training for batch 94 is done
e:95/100, 100 loss: -0.000 acc: 1.000000
e:95/100, 200 loss: -0.000 acc: 1.000000
e:95/100, 300 loss: -0.000 acc: 1.000000
e:95/100, 400 loss: -0.000 acc: 1.000000
e:95/100, 500 loss: -0.000 acc: 1.000000
Training for batch 95 is done
e:96/100, 100 loss: -13.426 acc: 0.000000
e:96/100, 200 loss: -14.860 acc: 0.000000
e:96/100, 300 loss: -15.732 acc: 0.000000
e:96/100, 400 loss: -15.992 acc: 0.000000
e:96/100, 500 loss: -16.129 acc: 0.000000
Training for batch 96 is done
e:97/100, 100 loss: -11.377 acc: 0.000000
e:97/100, 200 loss: -13.018 acc: 0.000000
e:97/100, 300 loss: -13.768 acc: 0.000000
e:97/100, 400 loss: -14.115 acc: 0.000000
e:97/100, 500 loss: -14.326 acc: 0.000000
Training for batch 97 is done
e:98/100, 100 loss: -13.560 acc: 0.000000
e:98/100, 200 loss: -15.275 acc: 0.000000
e:98/100, 300 loss: -15.793 acc: 0.000000
e:98/100, 400 loss: -16.212 acc: 0.000000
e:98/100, 500 loss: -16.509 acc: 0.000000
Training for batch 98 is done
e:99/100, 100 loss: -10.181 acc: 0.000000
e:99/100, 200 loss: -11.704 acc: 0.000000
e:99/100, 300 loss: -12.176 acc: 0.000000
e:99/100, 400 loss: -12.417 acc: 0.000000
e:99/100, 500 loss: -12.556 acc: 0.000000
Training for batch 99 is done
CW_kappa: 0
alpha: 1.0
beta: 0.0
gamma: 0.001
nr_epoch: 500
targeted_attack: False
use_cross_entropy_loss: True
Success rate: 0.95
Noise l1-norm: 17.598844969900032
Noise l2-norm: 0.3701173275709152
Noise l-inf: 0.007966976627511413
