VGG16 weights loaded
e:0/100, 100 loss: -14.804 acc: 0.000000
e:0/100, 200 loss: -15.558 acc: 0.000000
e:0/100, 300 loss: -15.973 acc: 0.000000
e:0/100, 400 loss: -16.211 acc: 0.000000
e:0/100, 500 loss: -16.375 acc: 0.000000
Training for batch 0 is done
e:1/100, 100 loss: -14.039 acc: 0.000000
e:1/100, 200 loss: -16.230 acc: 0.000000
e:1/100, 300 loss: -16.948 acc: 0.000000
e:1/100, 400 loss: -17.371 acc: 0.000000
e:1/100, 500 loss: -17.653 acc: 0.000000
Training for batch 1 is done
e:2/100, 100 loss: -13.249 acc: 0.000000
e:2/100, 200 loss: -14.435 acc: 0.000000
e:2/100, 300 loss: -14.875 acc: 0.000000
e:2/100, 400 loss: -15.141 acc: 0.000000
e:2/100, 500 loss: -15.274 acc: 0.000000
Training for batch 2 is done
e:3/100, 100 loss: -15.646 acc: 0.000000
e:3/100, 200 loss: -16.730 acc: 0.000000
e:3/100, 300 loss: -17.228 acc: 0.000000
e:3/100, 400 loss: -17.527 acc: 0.000000
e:3/100, 500 loss: -17.775 acc: 0.000000
Training for batch 3 is done
e:4/100, 100 loss: -9.256 acc: 0.000000
e:4/100, 200 loss: -11.574 acc: 0.000000
e:4/100, 300 loss: -12.739 acc: 0.000000
e:4/100, 400 loss: -13.296 acc: 0.000000
e:4/100, 500 loss: -13.530 acc: 0.000000
Training for batch 4 is done
e:5/100, 100 loss: -11.638 acc: 0.000000
e:5/100, 200 loss: -14.196 acc: 0.000000
e:5/100, 300 loss: -14.905 acc: 0.000000
e:5/100, 400 loss: -15.246 acc: 0.000000
e:5/100, 500 loss: -15.454 acc: 0.000000
Training for batch 5 is done
e:6/100, 100 loss: -11.566 acc: 0.000000
e:6/100, 200 loss: -12.056 acc: 0.000000
e:6/100, 300 loss: -12.216 acc: 0.000000
e:6/100, 400 loss: -12.326 acc: 0.000000
e:6/100, 500 loss: -12.404 acc: 0.000000
Training for batch 6 is done
e:7/100, 100 loss: -9.871 acc: 0.000000
e:7/100, 200 loss: -14.041 acc: 0.000000
e:7/100, 300 loss: -14.777 acc: 0.000000
e:7/100, 400 loss: -15.161 acc: 0.000000
e:7/100, 500 loss: -15.375 acc: 0.000000
Training for batch 7 is done
e:8/100, 100 loss: -12.204 acc: 0.000000
e:8/100, 200 loss: -13.590 acc: 0.000000
e:8/100, 300 loss: -14.219 acc: 0.000000
e:8/100, 400 loss: -14.643 acc: 0.000000
e:8/100, 500 loss: -14.871 acc: 0.000000
Training for batch 8 is done
e:9/100, 100 loss: -13.202 acc: 0.000000
e:9/100, 200 loss: -13.729 acc: 0.000000
e:9/100, 300 loss: -13.946 acc: 0.000000
e:9/100, 400 loss: -14.087 acc: 0.000000
e:9/100, 500 loss: -14.194 acc: 0.000000
Training for batch 9 is done
e:10/100, 100 loss: -12.819 acc: 0.000000
e:10/100, 200 loss: -13.363 acc: 0.000000
e:10/100, 300 loss: -13.773 acc: 0.000000
e:10/100, 400 loss: -14.111 acc: 0.000000
e:10/100, 500 loss: -14.298 acc: 0.000000
Training for batch 10 is done
e:11/100, 100 loss: -12.437 acc: 0.000000
e:11/100, 200 loss: -13.953 acc: 0.000000
e:11/100, 300 loss: -14.561 acc: 0.000000
e:11/100, 400 loss: -14.977 acc: 0.000000
e:11/100, 500 loss: -15.285 acc: 0.000000
Training for batch 11 is done
e:12/100, 100 loss: -12.870 acc: 0.000000
e:12/100, 200 loss: -14.165 acc: 0.000000
e:12/100, 300 loss: -15.148 acc: 0.000000
e:12/100, 400 loss: -16.068 acc: 0.000000
e:12/100, 500 loss: -16.788 acc: 0.000000
Training for batch 12 is done
e:13/100, 100 loss: -12.167 acc: 0.000000
e:13/100, 200 loss: -13.027 acc: 0.000000
e:13/100, 300 loss: -13.511 acc: 0.000000
e:13/100, 400 loss: -13.753 acc: 0.000000
e:13/100, 500 loss: -13.922 acc: 0.000000
Training for batch 13 is done
e:14/100, 100 loss: -12.713 acc: 0.000000
e:14/100, 200 loss: -13.467 acc: 0.000000
e:14/100, 300 loss: -13.845 acc: 0.000000
e:14/100, 400 loss: -14.119 acc: 0.000000
e:14/100, 500 loss: -14.285 acc: 0.000000
Training for batch 14 is done
e:15/100, 100 loss: -13.233 acc: 0.000000
e:15/100, 200 loss: -14.969 acc: 0.000000
e:15/100, 300 loss: -15.935 acc: 0.000000
e:15/100, 400 loss: -16.525 acc: 0.000000
e:15/100, 500 loss: -16.744 acc: 0.000000
Training for batch 15 is done
e:16/100, 100 loss: -12.047 acc: 0.000000
e:16/100, 200 loss: -13.302 acc: 0.000000
e:16/100, 300 loss: -13.908 acc: 0.000000
e:16/100, 400 loss: -14.265 acc: 0.000000
e:16/100, 500 loss: -14.509 acc: 0.000000
Training for batch 16 is done
e:17/100, 100 loss: -15.554 acc: 0.000000
e:17/100, 200 loss: -17.911 acc: 0.000000
e:17/100, 300 loss: -19.353 acc: 0.000000
e:17/100, 400 loss: -20.137 acc: 0.000000
e:17/100, 500 loss: -20.760 acc: 0.000000
Training for batch 17 is done
e:18/100, 100 loss: -13.054 acc: 0.000000
e:18/100, 200 loss: -14.483 acc: 0.000000
e:18/100, 300 loss: -15.479 acc: 0.000000
e:18/100, 400 loss: -16.205 acc: 0.000000
e:18/100, 500 loss: -16.698 acc: 0.000000
Training for batch 18 is done
e:19/100, 100 loss: -13.601 acc: 0.000000
e:19/100, 200 loss: -14.471 acc: 0.000000
e:19/100, 300 loss: -14.845 acc: 0.000000
e:19/100, 400 loss: -15.125 acc: 0.000000
e:19/100, 500 loss: -15.314 acc: 0.000000
Training for batch 19 is done
e:20/100, 100 loss: -14.600 acc: 0.000000
e:20/100, 200 loss: -16.220 acc: 0.000000
e:20/100, 300 loss: -17.170 acc: 0.000000
e:20/100, 400 loss: -17.834 acc: 0.000000
e:20/100, 500 loss: -18.273 acc: 0.000000
Training for batch 20 is done
e:21/100, 100 loss: -10.540 acc: 0.000000
e:21/100, 200 loss: -11.330 acc: 0.000000
e:21/100, 300 loss: -11.680 acc: 0.000000
e:21/100, 400 loss: -11.970 acc: 0.000000
e:21/100, 500 loss: -12.155 acc: 0.000000
Training for batch 21 is done
e:22/100, 100 loss: -14.674 acc: 0.000000
e:22/100, 200 loss: -15.355 acc: 0.000000
e:22/100, 300 loss: -15.694 acc: 0.000000
e:22/100, 400 loss: -15.930 acc: 0.000000
e:22/100, 500 loss: -16.055 acc: 0.000000
Training for batch 22 is done
e:23/100, 100 loss: -13.012 acc: 0.000000
e:23/100, 200 loss: -15.188 acc: 0.000000
e:23/100, 300 loss: -15.899 acc: 0.000000
e:23/100, 400 loss: -16.259 acc: 0.000000
e:23/100, 500 loss: -16.394 acc: 0.000000
Training for batch 23 is done
e:24/100, 100 loss: -12.460 acc: 0.000000
e:24/100, 200 loss: -13.862 acc: 0.000000
e:24/100, 300 loss: -14.677 acc: 0.000000
e:24/100, 400 loss: -15.281 acc: 0.000000
e:24/100, 500 loss: -15.659 acc: 0.000000
Training for batch 24 is done
e:25/100, 100 loss: -13.545 acc: 0.000000
e:25/100, 200 loss: -14.559 acc: 0.000000
e:25/100, 300 loss: -15.040 acc: 0.000000
e:25/100, 400 loss: -15.302 acc: 0.000000
e:25/100, 500 loss: -15.476 acc: 0.000000
Training for batch 25 is done
e:26/100, 100 loss: -14.769 acc: 0.000000
e:26/100, 200 loss: -16.832 acc: 0.000000
e:26/100, 300 loss: -18.038 acc: 0.000000
e:26/100, 400 loss: -18.714 acc: 0.000000
e:26/100, 500 loss: -19.170 acc: 0.000000
Training for batch 26 is done
e:27/100, 100 loss: -13.961 acc: 0.000000
e:27/100, 200 loss: -14.893 acc: 0.000000
e:27/100, 300 loss: -15.372 acc: 0.000000
e:27/100, 400 loss: -15.738 acc: 0.000000
e:27/100, 500 loss: -15.974 acc: 0.000000
Training for batch 27 is done
e:28/100, 100 loss: -13.324 acc: 0.000000
e:28/100, 200 loss: -14.184 acc: 0.000000
e:28/100, 300 loss: -15.011 acc: 0.000000
e:28/100, 400 loss: -15.527 acc: 0.000000
e:28/100, 500 loss: -15.924 acc: 0.000000
Training for batch 28 is done
e:29/100, 100 loss: -11.768 acc: 0.000000
e:29/100, 200 loss: -13.021 acc: 0.000000
e:29/100, 300 loss: -13.707 acc: 0.000000
e:29/100, 400 loss: -14.119 acc: 0.000000
e:29/100, 500 loss: -14.337 acc: 0.000000
Training for batch 29 is done
e:30/100, 100 loss: -11.636 acc: 0.000000
e:30/100, 200 loss: -12.883 acc: 0.000000
e:30/100, 300 loss: -13.576 acc: 0.000000
e:30/100, 400 loss: -13.952 acc: 0.000000
e:30/100, 500 loss: -14.207 acc: 0.000000
Training for batch 30 is done
e:31/100, 100 loss: -13.984 acc: 0.000000
e:31/100, 200 loss: -15.140 acc: 0.000000
e:31/100, 300 loss: -15.558 acc: 0.000000
e:31/100, 400 loss: -15.809 acc: 0.000000
e:31/100, 500 loss: -15.976 acc: 0.000000
Training for batch 31 is done
e:32/100, 100 loss: -13.514 acc: 0.000000
e:32/100, 200 loss: -14.847 acc: 0.000000
e:32/100, 300 loss: -15.300 acc: 0.000000
e:32/100, 400 loss: -15.534 acc: 0.000000
e:32/100, 500 loss: -15.692 acc: 0.000000
Training for batch 32 is done
e:33/100, 100 loss: -12.961 acc: 0.000000
e:33/100, 200 loss: -14.117 acc: 0.000000
e:33/100, 300 loss: -14.640 acc: 0.000000
e:33/100, 400 loss: -15.020 acc: 0.000000
e:33/100, 500 loss: -15.310 acc: 0.000000
Training for batch 33 is done
e:34/100, 100 loss: -14.612 acc: 0.000000
e:34/100, 200 loss: -16.016 acc: 0.000000
e:34/100, 300 loss: -16.735 acc: 0.000000
e:34/100, 400 loss: -17.163 acc: 0.000000
e:34/100, 500 loss: -17.429 acc: 0.000000
Training for batch 34 is done
e:35/100, 100 loss: -12.823 acc: 0.000000
e:35/100, 200 loss: -14.306 acc: 0.000000
e:35/100, 300 loss: -15.054 acc: 0.000000
e:35/100, 400 loss: -15.464 acc: 0.000000
e:35/100, 500 loss: -15.744 acc: 0.000000
Training for batch 35 is done
e:36/100, 100 loss: -14.621 acc: 0.000000
e:36/100, 200 loss: -16.614 acc: 0.000000
e:36/100, 300 loss: -17.659 acc: 0.000000
e:36/100, 400 loss: -18.543 acc: 0.000000
e:36/100, 500 loss: -19.183 acc: 0.000000
Training for batch 36 is done
e:37/100, 100 loss: -13.473 acc: 0.000000
e:37/100, 200 loss: -14.562 acc: 0.000000
e:37/100, 300 loss: -15.009 acc: 0.000000
e:37/100, 400 loss: -15.341 acc: 0.000000
e:37/100, 500 loss: -15.558 acc: 0.000000
Training for batch 37 is done
e:38/100, 100 loss: -11.920 acc: 0.000000
e:38/100, 200 loss: -14.169 acc: 0.000000
e:38/100, 300 loss: -15.123 acc: 0.000000
e:38/100, 400 loss: -15.728 acc: 0.000000
e:38/100, 500 loss: -16.182 acc: 0.000000
Training for batch 38 is done
e:39/100, 100 loss: -10.949 acc: 0.000000
e:39/100, 200 loss: -13.351 acc: 0.000000
e:39/100, 300 loss: -15.371 acc: 0.000000
e:39/100, 400 loss: -17.535 acc: 0.000000
e:39/100, 500 loss: -19.781 acc: 0.000000
Training for batch 39 is done
e:40/100, 100 loss: -12.369 acc: 0.000000
e:40/100, 200 loss: -13.086 acc: 0.000000
e:40/100, 300 loss: -13.418 acc: 0.000000
e:40/100, 400 loss: -13.653 acc: 0.000000
e:40/100, 500 loss: -13.817 acc: 0.000000
Training for batch 40 is done
e:41/100, 100 loss: -10.947 acc: 0.000000
e:41/100, 200 loss: -12.702 acc: 0.000000
e:41/100, 300 loss: -13.206 acc: 0.000000
e:41/100, 400 loss: -13.407 acc: 0.000000
e:41/100, 500 loss: -13.515 acc: 0.000000
Training for batch 41 is done
e:42/100, 100 loss: -11.841 acc: 0.000000
e:42/100, 200 loss: -12.311 acc: 0.000000
e:42/100, 300 loss: -12.473 acc: 0.000000
e:42/100, 400 loss: -12.579 acc: 0.000000
e:42/100, 500 loss: -12.664 acc: 0.000000
Training for batch 42 is done
e:43/100, 100 loss: -12.881 acc: 0.000000
e:43/100, 200 loss: -14.006 acc: 0.000000
e:43/100, 300 loss: -14.496 acc: 0.000000
e:43/100, 400 loss: -14.872 acc: 0.000000
e:43/100, 500 loss: -15.114 acc: 0.000000
Training for batch 43 is done
e:44/100, 100 loss: -11.820 acc: 0.000000
e:44/100, 200 loss: -13.080 acc: 0.000000
e:44/100, 300 loss: -13.590 acc: 0.000000
e:44/100, 400 loss: -13.846 acc: 0.000000
e:44/100, 500 loss: -14.010 acc: 0.000000
Training for batch 44 is done
e:45/100, 100 loss: -10.881 acc: 0.000000
e:45/100, 200 loss: -12.063 acc: 0.000000
e:45/100, 300 loss: -12.491 acc: 0.000000
e:45/100, 400 loss: -12.755 acc: 0.000000
e:45/100, 500 loss: -12.944 acc: 0.000000
Training for batch 45 is done
e:46/100, 100 loss: -11.023 acc: 0.000000
e:46/100, 200 loss: -12.752 acc: 0.000000
e:46/100, 300 loss: -13.363 acc: 0.000000
e:46/100, 400 loss: -13.864 acc: 0.000000
e:46/100, 500 loss: -14.155 acc: 0.000000
Training for batch 46 is done
e:47/100, 100 loss: -12.656 acc: 0.000000
e:47/100, 200 loss: -13.581 acc: 0.000000
e:47/100, 300 loss: -14.025 acc: 0.000000
e:47/100, 400 loss: -14.256 acc: 0.000000
e:47/100, 500 loss: -14.423 acc: 0.000000
Training for batch 47 is done
e:48/100, 100 loss: -12.402 acc: 0.000000
e:48/100, 200 loss: -13.277 acc: 0.000000
e:48/100, 300 loss: -13.584 acc: 0.000000
e:48/100, 400 loss: -13.777 acc: 0.000000
e:48/100, 500 loss: -13.893 acc: 0.000000
Training for batch 48 is done
e:49/100, 100 loss: -12.034 acc: 0.000000
e:49/100, 200 loss: -12.554 acc: 0.000000
e:49/100, 300 loss: -12.807 acc: 0.000000
e:49/100, 400 loss: -12.944 acc: 0.000000
e:49/100, 500 loss: -13.048 acc: 0.000000
Training for batch 49 is done
e:50/100, 100 loss: -12.412 acc: 0.000000
e:50/100, 200 loss: -13.885 acc: 0.000000
e:50/100, 300 loss: -14.903 acc: 0.000000
e:50/100, 400 loss: -15.568 acc: 0.000000
e:50/100, 500 loss: -15.743 acc: 0.000000
Training for batch 50 is done
e:51/100, 100 loss: -12.196 acc: 0.000000
e:51/100, 200 loss: -12.931 acc: 0.000000
e:51/100, 300 loss: -13.299 acc: 0.000000
e:51/100, 400 loss: -13.513 acc: 0.000000
e:51/100, 500 loss: -13.654 acc: 0.000000
Training for batch 51 is done
e:52/100, 100 loss: -14.295 acc: 0.000000
e:52/100, 200 loss: -15.211 acc: 0.000000
e:52/100, 300 loss: -15.621 acc: 0.000000
e:52/100, 400 loss: -15.822 acc: 0.000000
e:52/100, 500 loss: -15.973 acc: 0.000000
Training for batch 52 is done
e:53/100, 100 loss: -12.401 acc: 0.000000
e:53/100, 200 loss: -13.850 acc: 0.000000
e:53/100, 300 loss: -14.261 acc: 0.000000
e:53/100, 400 loss: -14.573 acc: 0.000000
e:53/100, 500 loss: -14.770 acc: 0.000000
Training for batch 53 is done
e:54/100, 100 loss: -11.785 acc: 0.000000
e:54/100, 200 loss: -12.432 acc: 0.000000
e:54/100, 300 loss: -12.667 acc: 0.000000
e:54/100, 400 loss: -12.855 acc: 0.000000
e:54/100, 500 loss: -13.054 acc: 0.000000
Training for batch 54 is done
e:55/100, 100 loss: -11.452 acc: 0.000000
e:55/100, 200 loss: -12.272 acc: 0.000000
e:55/100, 300 loss: -12.658 acc: 0.000000
e:55/100, 400 loss: -12.978 acc: 0.000000
e:55/100, 500 loss: -13.240 acc: 0.000000
Training for batch 55 is done
e:56/100, 100 loss: -12.529 acc: 0.000000
e:56/100, 200 loss: -13.284 acc: 0.000000
e:56/100, 300 loss: -13.643 acc: 0.000000
e:56/100, 400 loss: -13.866 acc: 0.000000
e:56/100, 500 loss: -14.042 acc: 0.000000
Training for batch 56 is done
e:57/100, 100 loss: -13.231 acc: 0.000000
e:57/100, 200 loss: -15.411 acc: 0.000000
e:57/100, 300 loss: -16.105 acc: 0.000000
e:57/100, 400 loss: -16.546 acc: 0.000000
e:57/100, 500 loss: -16.879 acc: 0.000000
Training for batch 57 is done
e:58/100, 100 loss: -13.246 acc: 0.000000
e:58/100, 200 loss: -14.382 acc: 0.000000
e:58/100, 300 loss: -14.761 acc: 0.000000
e:58/100, 400 loss: -15.040 acc: 0.000000
e:58/100, 500 loss: -15.248 acc: 0.000000
Training for batch 58 is done
e:59/100, 100 loss: -12.545 acc: 0.000000
e:59/100, 200 loss: -13.595 acc: 0.000000
e:59/100, 300 loss: -13.934 acc: 0.000000
e:59/100, 400 loss: -14.188 acc: 0.000000
e:59/100, 500 loss: -14.379 acc: 0.000000
Training for batch 59 is done
e:60/100, 100 loss: -10.213 acc: 0.000000
e:60/100, 200 loss: -12.193 acc: 0.000000
e:60/100, 300 loss: -13.152 acc: 0.000000
e:60/100, 400 loss: -13.422 acc: 0.000000
e:60/100, 500 loss: -13.614 acc: 0.000000
Training for batch 60 is done
e:61/100, 100 loss: -14.346 acc: 0.000000
e:61/100, 200 loss: -15.674 acc: 0.000000
e:61/100, 300 loss: -16.138 acc: 0.000000
e:61/100, 400 loss: -16.350 acc: 0.000000
e:61/100, 500 loss: -16.528 acc: 0.000000
Training for batch 61 is done
e:62/100, 100 loss: -13.323 acc: 0.000000
e:62/100, 200 loss: -14.419 acc: 0.000000
e:62/100, 300 loss: -14.967 acc: 0.000000
e:62/100, 400 loss: -15.304 acc: 0.000000
e:62/100, 500 loss: -15.520 acc: 0.000000
Training for batch 62 is done
e:63/100, 100 loss: -11.075 acc: 0.000000
e:63/100, 200 loss: -11.697 acc: 0.000000
e:63/100, 300 loss: -11.877 acc: 0.000000
e:63/100, 400 loss: -11.981 acc: 0.000000
e:63/100, 500 loss: -12.040 acc: 0.000000
Training for batch 63 is done
e:64/100, 100 loss: -11.028 acc: 0.000000
e:64/100, 200 loss: -12.056 acc: 0.000000
e:64/100, 300 loss: -12.617 acc: 0.000000
e:64/100, 400 loss: -12.890 acc: 0.000000
e:64/100, 500 loss: -13.087 acc: 0.000000
Training for batch 64 is done
e:65/100, 100 loss: -11.005 acc: 0.000000
e:65/100, 200 loss: -12.531 acc: 0.000000
e:65/100, 300 loss: -13.011 acc: 0.000000
e:65/100, 400 loss: -13.297 acc: 0.000000
e:65/100, 500 loss: -13.465 acc: 0.000000
Training for batch 65 is done
e:66/100, 100 loss: -12.152 acc: 0.000000
e:66/100, 200 loss: -12.753 acc: 0.000000
e:66/100, 300 loss: -13.052 acc: 0.000000
e:66/100, 400 loss: -13.217 acc: 0.000000
e:66/100, 500 loss: -13.335 acc: 0.000000
Training for batch 66 is done
e:67/100, 100 loss: -14.642 acc: 0.000000
e:67/100, 200 loss: -15.484 acc: 0.000000
e:67/100, 300 loss: -15.818 acc: 0.000000
e:67/100, 400 loss: -15.969 acc: 0.000000
e:67/100, 500 loss: -16.082 acc: 0.000000
Training for batch 67 is done
e:68/100, 100 loss: -13.056 acc: 0.000000
e:68/100, 200 loss: -14.582 acc: 0.000000
e:68/100, 300 loss: -15.284 acc: 0.000000
e:68/100, 400 loss: -15.661 acc: 0.000000
e:68/100, 500 loss: -15.926 acc: 0.000000
Training for batch 68 is done
e:69/100, 100 loss: -13.609 acc: 0.000000
e:69/100, 200 loss: -14.703 acc: 0.000000
e:69/100, 300 loss: -14.968 acc: 0.000000
e:69/100, 400 loss: -15.161 acc: 0.000000
e:69/100, 500 loss: -15.280 acc: 0.000000
Training for batch 69 is done
e:70/100, 100 loss: -13.636 acc: 0.000000
e:70/100, 200 loss: -14.758 acc: 0.000000
e:70/100, 300 loss: -15.228 acc: 0.000000
e:70/100, 400 loss: -15.527 acc: 0.000000
e:70/100, 500 loss: -15.759 acc: 0.000000
Training for batch 70 is done
e:71/100, 100 loss: -13.480 acc: 0.000000
e:71/100, 200 loss: -14.450 acc: 0.000000
e:71/100, 300 loss: -14.848 acc: 0.000000
e:71/100, 400 loss: -15.036 acc: 0.000000
e:71/100, 500 loss: -15.157 acc: 0.000000
Training for batch 71 is done
e:72/100, 100 loss: -13.534 acc: 0.000000
e:72/100, 200 loss: -14.244 acc: 0.000000
e:72/100, 300 loss: -14.745 acc: 0.000000
e:72/100, 400 loss: -15.036 acc: 0.000000
e:72/100, 500 loss: -15.239 acc: 0.000000
Training for batch 72 is done
e:73/100, 100 loss: -13.464 acc: 0.000000
e:73/100, 200 loss: -15.026 acc: 0.000000
e:73/100, 300 loss: -15.736 acc: 0.000000
e:73/100, 400 loss: -16.306 acc: 0.000000
e:73/100, 500 loss: -16.599 acc: 0.000000
Training for batch 73 is done
e:74/100, 100 loss: -13.599 acc: 0.000000
e:74/100, 200 loss: -15.260 acc: 0.000000
e:74/100, 300 loss: -16.140 acc: 0.000000
e:74/100, 400 loss: -16.681 acc: 0.000000
e:74/100, 500 loss: -17.056 acc: 0.000000
Training for batch 74 is done
e:75/100, 100 loss: -14.289 acc: 0.000000
e:75/100, 200 loss: -15.519 acc: 0.000000
e:75/100, 300 loss: -16.143 acc: 0.000000
e:75/100, 400 loss: -16.414 acc: 0.000000
e:75/100, 500 loss: -16.547 acc: 0.000000
Training for batch 75 is done
e:76/100, 100 loss: -12.490 acc: 0.000000
e:76/100, 200 loss: -13.484 acc: 0.000000
e:76/100, 300 loss: -15.155 acc: 0.000000
e:76/100, 400 loss: -15.571 acc: 0.000000
e:76/100, 500 loss: -15.763 acc: 0.000000
Training for batch 76 is done
e:77/100, 100 loss: -12.495 acc: 0.000000
e:77/100, 200 loss: -13.394 acc: 0.000000
e:77/100, 300 loss: -13.715 acc: 0.000000
e:77/100, 400 loss: -13.920 acc: 0.000000
e:77/100, 500 loss: -14.087 acc: 0.000000
Training for batch 77 is done
e:78/100, 100 loss: -13.115 acc: 0.000000
e:78/100, 200 loss: -14.248 acc: 0.000000
e:78/100, 300 loss: -14.903 acc: 0.000000
e:78/100, 400 loss: -15.401 acc: 0.000000
e:78/100, 500 loss: -15.688 acc: 0.000000
Training for batch 78 is done
e:79/100, 100 loss: -11.749 acc: 0.000000
e:79/100, 200 loss: -12.856 acc: 0.000000
e:79/100, 300 loss: -13.279 acc: 0.000000
e:79/100, 400 loss: -13.499 acc: 0.000000
e:79/100, 500 loss: -13.683 acc: 0.000000
Training for batch 79 is done
e:80/100, 100 loss: -13.171 acc: 0.000000
e:80/100, 200 loss: -14.724 acc: 0.000000
e:80/100, 300 loss: -15.642 acc: 0.000000
e:80/100, 400 loss: -16.048 acc: 0.000000
e:80/100, 500 loss: -16.351 acc: 0.000000
Training for batch 80 is done
e:81/100, 100 loss: -12.613 acc: 0.000000
e:81/100, 200 loss: -13.355 acc: 0.000000
e:81/100, 300 loss: -13.729 acc: 0.000000
e:81/100, 400 loss: -13.975 acc: 0.000000
e:81/100, 500 loss: -14.143 acc: 0.000000
Training for batch 81 is done
e:82/100, 100 loss: -13.188 acc: 0.000000
e:82/100, 200 loss: -13.985 acc: 0.000000
e:82/100, 300 loss: -14.314 acc: 0.000000
e:82/100, 400 loss: -14.592 acc: 0.000000
e:82/100, 500 loss: -14.877 acc: 0.000000
Training for batch 82 is done
e:83/100, 100 loss: -12.365 acc: 0.000000
e:83/100, 200 loss: -13.240 acc: 0.000000
e:83/100, 300 loss: -13.597 acc: 0.000000
e:83/100, 400 loss: -13.859 acc: 0.000000
e:83/100, 500 loss: -14.123 acc: 0.000000
Training for batch 83 is done
e:84/100, 100 loss: -13.605 acc: 0.000000
e:84/100, 200 loss: -14.981 acc: 0.000000
e:84/100, 300 loss: -15.665 acc: 0.000000
e:84/100, 400 loss: -16.078 acc: 0.000000
e:84/100, 500 loss: -16.398 acc: 0.000000
Training for batch 84 is done
e:85/100, 100 loss: -13.046 acc: 0.000000
e:85/100, 200 loss: -13.963 acc: 0.000000
e:85/100, 300 loss: -14.323 acc: 0.000000
e:85/100, 400 loss: -14.531 acc: 0.000000
e:85/100, 500 loss: -14.661 acc: 0.000000
Training for batch 85 is done
e:86/100, 100 loss: -13.237 acc: 0.000000
e:86/100, 200 loss: -14.056 acc: 0.000000
e:86/100, 300 loss: -14.490 acc: 0.000000
e:86/100, 400 loss: -14.775 acc: 0.000000
e:86/100, 500 loss: -14.968 acc: 0.000000
Training for batch 86 is done
e:87/100, 100 loss: -13.928 acc: 0.000000
e:87/100, 200 loss: -15.375 acc: 0.000000
e:87/100, 300 loss: -16.078 acc: 0.000000
e:87/100, 400 loss: -16.625 acc: 0.000000
e:87/100, 500 loss: -16.957 acc: 0.000000
Training for batch 87 is done
e:88/100, 100 loss: -9.502 acc: 0.000000
e:88/100, 200 loss: -11.757 acc: 0.000000
e:88/100, 300 loss: -12.617 acc: 0.000000
e:88/100, 400 loss: -13.015 acc: 0.000000
e:88/100, 500 loss: -13.217 acc: 0.000000
Training for batch 88 is done
e:89/100, 100 loss: -13.568 acc: 0.000000
e:89/100, 200 loss: -14.502 acc: 0.000000
e:89/100, 300 loss: -15.011 acc: 0.000000
e:89/100, 400 loss: -15.332 acc: 0.000000
e:89/100, 500 loss: -15.638 acc: 0.000000
Training for batch 89 is done
e:90/100, 100 loss: -14.794 acc: 0.000000
e:90/100, 200 loss: -16.670 acc: 0.000000
e:90/100, 300 loss: -17.415 acc: 0.000000
e:90/100, 400 loss: -17.880 acc: 0.000000
e:90/100, 500 loss: -18.189 acc: 0.000000
Training for batch 90 is done
e:91/100, 100 loss: -15.941 acc: 0.000000
e:91/100, 200 loss: -18.587 acc: 0.000000
e:91/100, 300 loss: -19.735 acc: 0.000000
e:91/100, 400 loss: -20.499 acc: 0.000000
e:91/100, 500 loss: -20.994 acc: 0.000000
Training for batch 91 is done
e:92/100, 100 loss: -11.478 acc: 0.000000
e:92/100, 200 loss: -12.686 acc: 0.000000
e:92/100, 300 loss: -14.047 acc: 0.000000
e:92/100, 400 loss: -14.526 acc: 0.000000
e:92/100, 500 loss: -14.841 acc: 0.000000
Training for batch 92 is done
e:93/100, 100 loss: -12.420 acc: 0.000000
e:93/100, 200 loss: -13.395 acc: 0.000000
e:93/100, 300 loss: -14.133 acc: 0.000000
e:93/100, 400 loss: -14.728 acc: 0.000000
e:93/100, 500 loss: -15.144 acc: 0.000000
Training for batch 93 is done
e:94/100, 100 loss: -14.475 acc: 0.000000
e:94/100, 200 loss: -15.494 acc: 0.000000
e:94/100, 300 loss: -15.882 acc: 0.000000
e:94/100, 400 loss: -16.050 acc: 0.000000
e:94/100, 500 loss: -16.187 acc: 0.000000
Training for batch 94 is done
e:95/100, 100 loss: -12.004 acc: 0.000000
e:95/100, 200 loss: -13.004 acc: 0.000000
e:95/100, 300 loss: -13.395 acc: 0.000000
e:95/100, 400 loss: -13.590 acc: 0.000000
e:95/100, 500 loss: -13.768 acc: 0.000000
Training for batch 95 is done
e:96/100, 100 loss: -13.484 acc: 0.000000
e:96/100, 200 loss: -14.981 acc: 0.000000
e:96/100, 300 loss: -15.776 acc: 0.000000
e:96/100, 400 loss: -16.044 acc: 0.000000
e:96/100, 500 loss: -16.211 acc: 0.000000
Training for batch 96 is done
e:97/100, 100 loss: -11.368 acc: 0.000000
e:97/100, 200 loss: -13.011 acc: 0.000000
e:97/100, 300 loss: -13.827 acc: 0.000000
e:97/100, 400 loss: -14.122 acc: 0.000000
e:97/100, 500 loss: -14.311 acc: 0.000000
Training for batch 97 is done
e:98/100, 100 loss: -13.836 acc: 0.000000
e:98/100, 200 loss: -14.558 acc: 0.000000
e:98/100, 300 loss: -14.921 acc: 0.000000
e:98/100, 400 loss: -15.184 acc: 0.000000
e:98/100, 500 loss: -15.423 acc: 0.000000
Training for batch 98 is done
e:99/100, 100 loss: -10.185 acc: 0.000000
e:99/100, 200 loss: -11.674 acc: 0.000000
e:99/100, 300 loss: -12.151 acc: 0.000000
e:99/100, 400 loss: -12.393 acc: 0.000000
e:99/100, 500 loss: -12.525 acc: 0.000000
Training for batch 99 is done
CW_kappa: 0
alpha: 1.0
beta: 0.0
gamma: 0.0
nr_epoch: 500
targeted_attack: False
use_cross_entropy_loss: True
Success rate: 1.0
Noise l1-norm: 19.310000953674315
Noise l2-norm: 0.4035195432603359
Noise l-inf: 0.008313725828193128
