VGG16 weights loaded
e:0/100, 100 loss: -14.809 acc: 0.000000
e:0/100, 200 loss: -15.550 acc: 0.000000
e:0/100, 300 loss: -15.963 acc: 0.000000
e:0/100, 400 loss: -16.203 acc: 0.000000
e:0/100, 500 loss: -16.375 acc: 0.000000
Training for batch 0 is done
e:1/100, 100 loss: -12.576 acc: 0.000000
e:1/100, 200 loss: -16.087 acc: 0.000000
e:1/100, 300 loss: -16.896 acc: 0.000000
e:1/100, 400 loss: -17.303 acc: 0.000000
e:1/100, 500 loss: -17.588 acc: 0.000000
Training for batch 1 is done
e:2/100, 100 loss: -13.258 acc: 0.000000
e:2/100, 200 loss: -14.447 acc: 0.000000
e:2/100, 300 loss: -14.901 acc: 0.000000
e:2/100, 400 loss: -15.118 acc: 0.000000
e:2/100, 500 loss: -15.254 acc: 0.000000
Training for batch 2 is done
e:3/100, 100 loss: -15.651 acc: 0.000000
e:3/100, 200 loss: -16.758 acc: 0.000000
e:3/100, 300 loss: -17.287 acc: 0.000000
e:3/100, 400 loss: -17.576 acc: 0.000000
e:3/100, 500 loss: -17.792 acc: 0.000000
Training for batch 3 is done
e:4/100, 100 loss: -0.000 acc: 1.000000
e:4/100, 200 loss: -0.000 acc: 1.000000
e:4/100, 300 loss: -0.000 acc: 1.000000
e:4/100, 400 loss: -0.000 acc: 1.000000
e:4/100, 500 loss: -0.000 acc: 1.000000
Training for batch 4 is done
e:5/100, 100 loss: -9.543 acc: 0.000000
e:5/100, 200 loss: -14.040 acc: 0.000000
e:5/100, 300 loss: -14.702 acc: 0.000000
e:5/100, 400 loss: -15.001 acc: 0.000000
e:5/100, 500 loss: -15.255 acc: 0.000000
Training for batch 5 is done
e:6/100, 100 loss: -11.536 acc: 0.000000
e:6/100, 200 loss: -12.044 acc: 0.000000
e:6/100, 300 loss: -12.213 acc: 0.000000
e:6/100, 400 loss: -12.314 acc: 0.000000
e:6/100, 500 loss: -12.392 acc: 0.000000
Training for batch 6 is done
e:7/100, 100 loss: -0.000 acc: 1.000000
e:7/100, 200 loss: -0.000 acc: 1.000000
e:7/100, 300 loss: -0.000 acc: 1.000000
e:7/100, 400 loss: -0.000 acc: 1.000000
e:7/100, 500 loss: -0.000 acc: 1.000000
Training for batch 7 is done
e:8/100, 100 loss: -12.041 acc: 0.000000
e:8/100, 200 loss: -13.591 acc: 0.000000
e:8/100, 300 loss: -14.233 acc: 0.000000
e:8/100, 400 loss: -14.612 acc: 0.000000
e:8/100, 500 loss: -14.848 acc: 0.000000
Training for batch 8 is done
e:9/100, 100 loss: -13.250 acc: 0.000000
e:9/100, 200 loss: -13.728 acc: 0.000000
e:9/100, 300 loss: -13.934 acc: 0.000000
e:9/100, 400 loss: -14.073 acc: 0.000000
e:9/100, 500 loss: -14.183 acc: 0.000000
Training for batch 9 is done
e:10/100, 100 loss: -12.807 acc: 0.000000
e:10/100, 200 loss: -13.358 acc: 0.000000
e:10/100, 300 loss: -13.567 acc: 0.000000
e:10/100, 400 loss: -13.750 acc: 0.000000
e:10/100, 500 loss: -14.141 acc: 0.000000
Training for batch 10 is done
e:11/100, 100 loss: -12.484 acc: 0.000000
e:11/100, 200 loss: -14.019 acc: 0.000000
e:11/100, 300 loss: -14.589 acc: 0.000000
e:11/100, 400 loss: -15.012 acc: 0.000000
e:11/100, 500 loss: -15.298 acc: 0.000000
Training for batch 11 is done
e:12/100, 100 loss: -12.774 acc: 0.000000
e:12/100, 200 loss: -13.796 acc: 0.000000
e:12/100, 300 loss: -14.560 acc: 0.000000
e:12/100, 400 loss: -15.301 acc: 0.000000
e:12/100, 500 loss: -15.935 acc: 0.000000
Training for batch 12 is done
e:13/100, 100 loss: -12.168 acc: 0.000000
e:13/100, 200 loss: -13.121 acc: 0.000000
e:13/100, 300 loss: -13.553 acc: 0.000000
e:13/100, 400 loss: -13.901 acc: 0.000000
e:13/100, 500 loss: -14.149 acc: 0.000000
Training for batch 13 is done
e:14/100, 100 loss: -12.760 acc: 0.000000
e:14/100, 200 loss: -13.486 acc: 0.000000
e:14/100, 300 loss: -13.863 acc: 0.000000
e:14/100, 400 loss: -14.130 acc: 0.000000
e:14/100, 500 loss: -14.304 acc: 0.000000
Training for batch 14 is done
e:15/100, 100 loss: -13.778 acc: 0.000000
e:15/100, 200 loss: -15.565 acc: 0.000000
e:15/100, 300 loss: -16.158 acc: 0.000000
e:15/100, 400 loss: -16.386 acc: 0.000000
e:15/100, 500 loss: -16.518 acc: 0.000000
Training for batch 15 is done
e:16/100, 100 loss: -12.024 acc: 0.000000
e:16/100, 200 loss: -13.305 acc: 0.000000
e:16/100, 300 loss: -13.923 acc: 0.000000
e:16/100, 400 loss: -14.287 acc: 0.000000
e:16/100, 500 loss: -14.501 acc: 0.000000
Training for batch 16 is done
e:17/100, 100 loss: -15.547 acc: 0.000000
e:17/100, 200 loss: -17.895 acc: 0.000000
e:17/100, 300 loss: -19.364 acc: 0.000000
e:17/100, 400 loss: -20.144 acc: 0.000000
e:17/100, 500 loss: -20.774 acc: 0.000000
Training for batch 17 is done
e:18/100, 100 loss: -13.061 acc: 0.000000
e:18/100, 200 loss: -14.424 acc: 0.000000
e:18/100, 300 loss: -15.417 acc: 0.000000
e:18/100, 400 loss: -16.147 acc: 0.000000
e:18/100, 500 loss: -16.579 acc: 0.000000
Training for batch 18 is done
e:19/100, 100 loss: -13.612 acc: 0.000000
e:19/100, 200 loss: -14.466 acc: 0.000000
e:19/100, 300 loss: -14.851 acc: 0.000000
e:19/100, 400 loss: -15.113 acc: 0.000000
e:19/100, 500 loss: -15.284 acc: 0.000000
Training for batch 19 is done
e:20/100, 100 loss: -14.622 acc: 0.000000
e:20/100, 200 loss: -16.221 acc: 0.000000
e:20/100, 300 loss: -17.160 acc: 0.000000
e:20/100, 400 loss: -17.818 acc: 0.000000
e:20/100, 500 loss: -18.237 acc: 0.000000
Training for batch 20 is done
e:21/100, 100 loss: -10.535 acc: 0.000000
e:21/100, 200 loss: -11.333 acc: 0.000000
e:21/100, 300 loss: -11.679 acc: 0.000000
e:21/100, 400 loss: -11.976 acc: 0.000000
e:21/100, 500 loss: -12.173 acc: 0.000000
Training for batch 21 is done
e:22/100, 100 loss: -14.697 acc: 0.000000
e:22/100, 200 loss: -15.412 acc: 0.000000
e:22/100, 300 loss: -15.773 acc: 0.000000
e:22/100, 400 loss: -15.957 acc: 0.000000
e:22/100, 500 loss: -16.107 acc: 0.000000
Training for batch 22 is done
e:23/100, 100 loss: -13.026 acc: 0.000000
e:23/100, 200 loss: -15.181 acc: 0.000000
e:23/100, 300 loss: -15.877 acc: 0.000000
e:23/100, 400 loss: -16.210 acc: 0.000000
e:23/100, 500 loss: -16.372 acc: 0.000000
Training for batch 23 is done
e:24/100, 100 loss: -12.332 acc: 0.000000
e:24/100, 200 loss: -14.120 acc: 0.000000
e:24/100, 300 loss: -14.867 acc: 0.000000
e:24/100, 400 loss: -15.332 acc: 0.000000
e:24/100, 500 loss: -15.654 acc: 0.000000
Training for batch 24 is done
e:25/100, 100 loss: -13.572 acc: 0.000000
e:25/100, 200 loss: -14.549 acc: 0.000000
e:25/100, 300 loss: -15.025 acc: 0.000000
e:25/100, 400 loss: -15.282 acc: 0.000000
e:25/100, 500 loss: -15.511 acc: 0.000000
Training for batch 25 is done
e:26/100, 100 loss: -14.811 acc: 0.000000
e:26/100, 200 loss: -16.899 acc: 0.000000
e:26/100, 300 loss: -18.083 acc: 0.000000
e:26/100, 400 loss: -18.733 acc: 0.000000
e:26/100, 500 loss: -19.175 acc: 0.000000
Training for batch 26 is done
e:27/100, 100 loss: -13.954 acc: 0.000000
e:27/100, 200 loss: -14.882 acc: 0.000000
e:27/100, 300 loss: -15.350 acc: 0.000000
e:27/100, 400 loss: -15.660 acc: 0.000000
e:27/100, 500 loss: -15.916 acc: 0.000000
Training for batch 27 is done
e:28/100, 100 loss: -13.290 acc: 0.000000
e:28/100, 200 loss: -14.187 acc: 0.000000
e:28/100, 300 loss: -14.963 acc: 0.000000
e:28/100, 400 loss: -15.476 acc: 0.000000
e:28/100, 500 loss: -15.864 acc: 0.000000
Training for batch 28 is done
e:29/100, 100 loss: -11.777 acc: 0.000000
e:29/100, 200 loss: -13.074 acc: 0.000000
e:29/100, 300 loss: -13.795 acc: 0.000000
e:29/100, 400 loss: -14.138 acc: 0.000000
e:29/100, 500 loss: -14.333 acc: 0.000000
Training for batch 29 is done
e:30/100, 100 loss: -0.000 acc: 1.000000
e:30/100, 200 loss: -0.000 acc: 1.000000
e:30/100, 300 loss: -0.000 acc: 1.000000
e:30/100, 400 loss: -0.000 acc: 1.000000
e:30/100, 500 loss: -0.000 acc: 1.000000
Training for batch 30 is done
e:31/100, 100 loss: -13.944 acc: 0.000000
e:31/100, 200 loss: -15.094 acc: 0.000000
e:31/100, 300 loss: -15.559 acc: 0.000000
e:31/100, 400 loss: -15.811 acc: 0.000000
e:31/100, 500 loss: -15.987 acc: 0.000000
Training for batch 31 is done
e:32/100, 100 loss: -13.217 acc: 0.000000
e:32/100, 200 loss: -14.757 acc: 0.000000
e:32/100, 300 loss: -15.214 acc: 0.000000
e:32/100, 400 loss: -15.479 acc: 0.000000
e:32/100, 500 loss: -15.697 acc: 0.000000
Training for batch 32 is done
e:33/100, 100 loss: -12.952 acc: 0.000000
e:33/100, 200 loss: -14.135 acc: 0.000000
e:33/100, 300 loss: -14.685 acc: 0.000000
e:33/100, 400 loss: -15.113 acc: 0.000000
e:33/100, 500 loss: -15.392 acc: 0.000000
Training for batch 33 is done
e:34/100, 100 loss: -14.640 acc: 0.000000
e:34/100, 200 loss: -16.030 acc: 0.000000
e:34/100, 300 loss: -16.784 acc: 0.000000
e:34/100, 400 loss: -17.201 acc: 0.000000
e:34/100, 500 loss: -17.442 acc: 0.000000
Training for batch 34 is done
e:35/100, 100 loss: -12.843 acc: 0.000000
e:35/100, 200 loss: -14.294 acc: 0.000000
e:35/100, 300 loss: -15.031 acc: 0.000000
e:35/100, 400 loss: -15.441 acc: 0.000000
e:35/100, 500 loss: -15.722 acc: 0.000000
Training for batch 35 is done
e:36/100, 100 loss: -14.598 acc: 0.000000
e:36/100, 200 loss: -16.566 acc: 0.000000
e:36/100, 300 loss: -17.625 acc: 0.000000
e:36/100, 400 loss: -18.416 acc: 0.000000
e:36/100, 500 loss: -19.092 acc: 0.000000
Training for batch 36 is done
e:37/100, 100 loss: -13.391 acc: 0.000000
e:37/100, 200 loss: -14.583 acc: 0.000000
e:37/100, 300 loss: -15.054 acc: 0.000000
e:37/100, 400 loss: -15.393 acc: 0.000000
e:37/100, 500 loss: -15.605 acc: 0.000000
Training for batch 37 is done
e:38/100, 100 loss: -11.845 acc: 0.000000
e:38/100, 200 loss: -14.101 acc: 0.000000
e:38/100, 300 loss: -15.048 acc: 0.000000
e:38/100, 400 loss: -15.640 acc: 0.000000
e:38/100, 500 loss: -16.056 acc: 0.000000
Training for batch 38 is done
e:39/100, 100 loss: -10.971 acc: 0.000000
e:39/100, 200 loss: -13.343 acc: 0.000000
e:39/100, 300 loss: -15.278 acc: 0.000000
e:39/100, 400 loss: -17.229 acc: 0.000000
e:39/100, 500 loss: -19.627 acc: 0.000000
Training for batch 39 is done
e:40/100, 100 loss: -12.319 acc: 0.000000
e:40/100, 200 loss: -13.112 acc: 0.000000
e:40/100, 300 loss: -13.451 acc: 0.000000
e:40/100, 400 loss: -13.683 acc: 0.000000
e:40/100, 500 loss: -13.859 acc: 0.000000
Training for batch 40 is done
e:41/100, 100 loss: -0.000 acc: 1.000000
e:41/100, 200 loss: -0.000 acc: 1.000000
e:41/100, 300 loss: -0.000 acc: 1.000000
e:41/100, 400 loss: -0.000 acc: 1.000000
e:41/100, 500 loss: -0.000 acc: 1.000000
Training for batch 41 is done
e:42/100, 100 loss: -11.849 acc: 0.000000
e:42/100, 200 loss: -12.313 acc: 0.000000
e:42/100, 300 loss: -12.474 acc: 0.000000
e:42/100, 400 loss: -12.580 acc: 0.000000
e:42/100, 500 loss: -12.669 acc: 0.000000
Training for batch 42 is done
e:43/100, 100 loss: -12.828 acc: 0.000000
e:43/100, 200 loss: -14.011 acc: 0.000000
e:43/100, 300 loss: -14.509 acc: 0.000000
e:43/100, 400 loss: -14.846 acc: 0.000000
e:43/100, 500 loss: -15.088 acc: 0.000000
Training for batch 43 is done
e:44/100, 100 loss: -11.747 acc: 0.000000
e:44/100, 200 loss: -13.016 acc: 0.000000
e:44/100, 300 loss: -13.498 acc: 0.000000
e:44/100, 400 loss: -13.791 acc: 0.000000
e:44/100, 500 loss: -13.998 acc: 0.000000
Training for batch 44 is done
e:45/100, 100 loss: -8.346 acc: 0.000000
e:45/100, 200 loss: -11.982 acc: 0.000000
e:45/100, 300 loss: -12.468 acc: 0.000000
e:45/100, 400 loss: -12.776 acc: 0.000000
e:45/100, 500 loss: -13.002 acc: 0.000000
Training for batch 45 is done
e:46/100, 100 loss: -10.729 acc: 0.000000
e:46/100, 200 loss: -12.545 acc: 0.000000
e:46/100, 300 loss: -13.265 acc: 0.000000
e:46/100, 400 loss: -13.738 acc: 0.000000
e:46/100, 500 loss: -14.141 acc: 0.000000
Training for batch 46 is done
e:47/100, 100 loss: -12.637 acc: 0.000000
e:47/100, 200 loss: -13.569 acc: 0.000000
e:47/100, 300 loss: -14.023 acc: 0.000000
e:47/100, 400 loss: -14.266 acc: 0.000000
e:47/100, 500 loss: -14.423 acc: 0.000000
Training for batch 47 is done
e:48/100, 100 loss: -12.380 acc: 0.000000
e:48/100, 200 loss: -13.198 acc: 0.000000
e:48/100, 300 loss: -13.570 acc: 0.000000
e:48/100, 400 loss: -13.756 acc: 0.000000
e:48/100, 500 loss: -13.887 acc: 0.000000
Training for batch 48 is done
e:49/100, 100 loss: -11.980 acc: 0.000000
e:49/100, 200 loss: -12.526 acc: 0.000000
e:49/100, 300 loss: -12.769 acc: 0.000000
e:49/100, 400 loss: -12.915 acc: 0.000000
e:49/100, 500 loss: -13.015 acc: 0.000000
Training for batch 49 is done
e:50/100, 100 loss: -12.404 acc: 0.000000
e:50/100, 200 loss: -13.879 acc: 0.000000
e:50/100, 300 loss: -14.896 acc: 0.000000
e:50/100, 400 loss: -15.546 acc: 0.000000
e:50/100, 500 loss: -15.732 acc: 0.000000
Training for batch 50 is done
e:51/100, 100 loss: -12.199 acc: 0.000000
e:51/100, 200 loss: -12.935 acc: 0.000000
e:51/100, 300 loss: -13.307 acc: 0.000000
e:51/100, 400 loss: -13.520 acc: 0.000000
e:51/100, 500 loss: -13.662 acc: 0.000000
Training for batch 51 is done
e:52/100, 100 loss: -14.306 acc: 0.000000
e:52/100, 200 loss: -15.230 acc: 0.000000
e:52/100, 300 loss: -15.632 acc: 0.000000
e:52/100, 400 loss: -15.828 acc: 0.000000
e:52/100, 500 loss: -15.978 acc: 0.000000
Training for batch 52 is done
e:53/100, 100 loss: -12.396 acc: 0.000000
e:53/100, 200 loss: -13.797 acc: 0.000000
e:53/100, 300 loss: -14.284 acc: 0.000000
e:53/100, 400 loss: -14.602 acc: 0.000000
e:53/100, 500 loss: -14.768 acc: 0.000000
Training for batch 53 is done
e:54/100, 100 loss: -11.766 acc: 0.000000
e:54/100, 200 loss: -12.473 acc: 0.000000
e:54/100, 300 loss: -12.782 acc: 0.000000
e:54/100, 400 loss: -13.000 acc: 0.000000
e:54/100, 500 loss: -13.229 acc: 0.000000
Training for batch 54 is done
e:55/100, 100 loss: -11.468 acc: 0.000000
e:55/100, 200 loss: -12.277 acc: 0.000000
e:55/100, 300 loss: -12.692 acc: 0.000000
e:55/100, 400 loss: -12.993 acc: 0.000000
e:55/100, 500 loss: -13.249 acc: 0.000000
Training for batch 55 is done
e:56/100, 100 loss: -12.511 acc: 0.000000
e:56/100, 200 loss: -13.273 acc: 0.000000
e:56/100, 300 loss: -13.640 acc: 0.000000
e:56/100, 400 loss: -13.882 acc: 0.000000
e:56/100, 500 loss: -14.068 acc: 0.000000
Training for batch 56 is done
e:57/100, 100 loss: -13.826 acc: 0.000000
e:57/100, 200 loss: -15.645 acc: 0.000000
e:57/100, 300 loss: -16.200 acc: 0.000000
e:57/100, 400 loss: -16.541 acc: 0.000000
e:57/100, 500 loss: -16.843 acc: 0.000000
Training for batch 57 is done
e:58/100, 100 loss: -13.209 acc: 0.000000
e:58/100, 200 loss: -14.375 acc: 0.000000
e:58/100, 300 loss: -14.769 acc: 0.000000
e:58/100, 400 loss: -15.036 acc: 0.000000
e:58/100, 500 loss: -15.229 acc: 0.000000
Training for batch 58 is done
e:59/100, 100 loss: -12.530 acc: 0.000000
e:59/100, 200 loss: -13.604 acc: 0.000000
e:59/100, 300 loss: -13.942 acc: 0.000000
e:59/100, 400 loss: -14.203 acc: 0.000000
e:59/100, 500 loss: -14.385 acc: 0.000000
Training for batch 59 is done
e:60/100, 100 loss: -10.193 acc: 0.000000
e:60/100, 200 loss: -12.263 acc: 0.000000
e:60/100, 300 loss: -13.230 acc: 0.000000
e:60/100, 400 loss: -13.550 acc: 0.000000
e:60/100, 500 loss: -13.781 acc: 0.000000
Training for batch 60 is done
e:61/100, 100 loss: -0.000 acc: 1.000000
e:61/100, 200 loss: -0.000 acc: 1.000000
e:61/100, 300 loss: -0.000 acc: 1.000000
e:61/100, 400 loss: -0.000 acc: 1.000000
e:61/100, 500 loss: -0.000 acc: 1.000000
Training for batch 61 is done
e:62/100, 100 loss: -12.995 acc: 0.000000
e:62/100, 200 loss: -14.374 acc: 0.000000
e:62/100, 300 loss: -14.925 acc: 0.000000
e:62/100, 400 loss: -15.309 acc: 0.000000
e:62/100, 500 loss: -15.567 acc: 0.000000
Training for batch 62 is done
e:63/100, 100 loss: -11.045 acc: 0.000000
e:63/100, 200 loss: -11.696 acc: 0.000000
e:63/100, 300 loss: -11.882 acc: 0.000000
e:63/100, 400 loss: -11.983 acc: 0.000000
e:63/100, 500 loss: -12.057 acc: 0.000000
Training for batch 63 is done
e:64/100, 100 loss: -10.943 acc: 0.000000
e:64/100, 200 loss: -12.029 acc: 0.000000
e:64/100, 300 loss: -12.578 acc: 0.000000
e:64/100, 400 loss: -12.857 acc: 0.000000
e:64/100, 500 loss: -13.063 acc: 0.000000
Training for batch 64 is done
e:65/100, 100 loss: -10.970 acc: 0.000000
e:65/100, 200 loss: -12.496 acc: 0.000000
e:65/100, 300 loss: -12.992 acc: 0.000000
e:65/100, 400 loss: -13.270 acc: 0.000000
e:65/100, 500 loss: -13.456 acc: 0.000000
Training for batch 65 is done
e:66/100, 100 loss: -12.128 acc: 0.000000
e:66/100, 200 loss: -12.737 acc: 0.000000
e:66/100, 300 loss: -13.040 acc: 0.000000
e:66/100, 400 loss: -13.206 acc: 0.000000
e:66/100, 500 loss: -13.322 acc: 0.000000
Training for batch 66 is done
e:67/100, 100 loss: -14.658 acc: 0.000000
e:67/100, 200 loss: -15.456 acc: 0.000000
e:67/100, 300 loss: -15.805 acc: 0.000000
e:67/100, 400 loss: -15.971 acc: 0.000000
e:67/100, 500 loss: -16.074 acc: 0.000000
Training for batch 67 is done
e:68/100, 100 loss: -13.030 acc: 0.000000
e:68/100, 200 loss: -14.629 acc: 0.000000
e:68/100, 300 loss: -15.292 acc: 0.000000
e:68/100, 400 loss: -15.702 acc: 0.000000
e:68/100, 500 loss: -15.955 acc: 0.000000
Training for batch 68 is done
e:69/100, 100 loss: -13.543 acc: 0.000000
e:69/100, 200 loss: -14.725 acc: 0.000000
e:69/100, 300 loss: -15.036 acc: 0.000000
e:69/100, 400 loss: -15.190 acc: 0.000000
e:69/100, 500 loss: -15.275 acc: 0.000000
Training for batch 69 is done
e:70/100, 100 loss: -13.554 acc: 0.000000
e:70/100, 200 loss: -14.680 acc: 0.000000
e:70/100, 300 loss: -15.177 acc: 0.000000
e:70/100, 400 loss: -15.553 acc: 0.000000
e:70/100, 500 loss: -15.861 acc: 0.000000
Training for batch 70 is done
e:71/100, 100 loss: -13.468 acc: 0.000000
e:71/100, 200 loss: -14.437 acc: 0.000000
e:71/100, 300 loss: -14.826 acc: 0.000000
e:71/100, 400 loss: -15.031 acc: 0.000000
e:71/100, 500 loss: -15.154 acc: 0.000000
Training for batch 71 is done
e:72/100, 100 loss: -13.535 acc: 0.000000
e:72/100, 200 loss: -14.220 acc: 0.000000
e:72/100, 300 loss: -14.740 acc: 0.000000
e:72/100, 400 loss: -15.012 acc: 0.000000
e:72/100, 500 loss: -15.212 acc: 0.000000
Training for batch 72 is done
e:73/100, 100 loss: -13.483 acc: 0.000000
e:73/100, 200 loss: -15.046 acc: 0.000000
e:73/100, 300 loss: -15.765 acc: 0.000000
e:73/100, 400 loss: -16.302 acc: 0.000000
e:73/100, 500 loss: -16.607 acc: 0.000000
Training for batch 73 is done
e:74/100, 100 loss: -13.595 acc: 0.000000
e:74/100, 200 loss: -15.258 acc: 0.000000
e:74/100, 300 loss: -16.164 acc: 0.000000
e:74/100, 400 loss: -16.683 acc: 0.000000
e:74/100, 500 loss: -17.024 acc: 0.000000
Training for batch 74 is done
e:75/100, 100 loss: -14.304 acc: 0.000000
e:75/100, 200 loss: -15.678 acc: 0.000000
e:75/100, 300 loss: -16.272 acc: 0.000000
e:75/100, 400 loss: -16.456 acc: 0.000000
e:75/100, 500 loss: -16.566 acc: 0.000000
Training for batch 75 is done
e:76/100, 100 loss: -12.328 acc: 0.000000
e:76/100, 200 loss: -13.422 acc: 0.000000
e:76/100, 300 loss: -13.851 acc: 0.000000
e:76/100, 400 loss: -15.363 acc: 0.000000
e:76/100, 500 loss: -15.592 acc: 0.000000
Training for batch 76 is done
e:77/100, 100 loss: -12.496 acc: 0.000000
e:77/100, 200 loss: -13.393 acc: 0.000000
e:77/100, 300 loss: -13.710 acc: 0.000000
e:77/100, 400 loss: -13.915 acc: 0.000000
e:77/100, 500 loss: -14.078 acc: 0.000000
Training for batch 77 is done
e:78/100, 100 loss: -13.113 acc: 0.000000
e:78/100, 200 loss: -14.218 acc: 0.000000
e:78/100, 300 loss: -14.895 acc: 0.000000
e:78/100, 400 loss: -15.386 acc: 0.000000
e:78/100, 500 loss: -15.673 acc: 0.000000
Training for batch 78 is done
e:79/100, 100 loss: -0.000 acc: 1.000000
e:79/100, 200 loss: -0.000 acc: 1.000000
e:79/100, 300 loss: -0.000 acc: 1.000000
e:79/100, 400 loss: -0.000 acc: 1.000000
e:79/100, 500 loss: -0.000 acc: 1.000000
Training for batch 79 is done
e:80/100, 100 loss: -13.160 acc: 0.000000
e:80/100, 200 loss: -14.741 acc: 0.000000
e:80/100, 300 loss: -15.623 acc: 0.000000
e:80/100, 400 loss: -16.055 acc: 0.000000
e:80/100, 500 loss: -16.354 acc: 0.000000
Training for batch 80 is done
e:81/100, 100 loss: -12.618 acc: 0.000000
e:81/100, 200 loss: -13.347 acc: 0.000000
e:81/100, 300 loss: -13.734 acc: 0.000000
e:81/100, 400 loss: -13.976 acc: 0.000000
e:81/100, 500 loss: -14.152 acc: 0.000000
Training for batch 81 is done
e:82/100, 100 loss: -13.244 acc: 0.000000
e:82/100, 200 loss: -14.012 acc: 0.000000
e:82/100, 300 loss: -14.347 acc: 0.000000
e:82/100, 400 loss: -14.667 acc: 0.000000
e:82/100, 500 loss: -15.029 acc: 0.000000
Training for batch 82 is done
e:83/100, 100 loss: -12.335 acc: 0.000000
e:83/100, 200 loss: -13.209 acc: 0.000000
e:83/100, 300 loss: -13.572 acc: 0.000000
e:83/100, 400 loss: -13.797 acc: 0.000000
e:83/100, 500 loss: -14.013 acc: 0.000000
Training for batch 83 is done
e:84/100, 100 loss: -13.586 acc: 0.000000
e:84/100, 200 loss: -14.980 acc: 0.000000
e:84/100, 300 loss: -15.665 acc: 0.000000
e:84/100, 400 loss: -16.054 acc: 0.000000
e:84/100, 500 loss: -16.380 acc: 0.000000
Training for batch 84 is done
e:85/100, 100 loss: -13.079 acc: 0.000000
e:85/100, 200 loss: -13.957 acc: 0.000000
e:85/100, 300 loss: -14.328 acc: 0.000000
e:85/100, 400 loss: -14.521 acc: 0.000000
e:85/100, 500 loss: -14.662 acc: 0.000000
Training for batch 85 is done
e:86/100, 100 loss: -13.238 acc: 0.000000
e:86/100, 200 loss: -14.065 acc: 0.000000
e:86/100, 300 loss: -14.506 acc: 0.000000
e:86/100, 400 loss: -14.800 acc: 0.000000
e:86/100, 500 loss: -14.988 acc: 0.000000
Training for batch 86 is done
e:87/100, 100 loss: -13.938 acc: 0.000000
e:87/100, 200 loss: -15.405 acc: 0.000000
e:87/100, 300 loss: -16.012 acc: 0.000000
e:87/100, 400 loss: -16.585 acc: 0.000000
e:87/100, 500 loss: -16.922 acc: 0.000000
Training for batch 87 is done
e:88/100, 100 loss: -9.453 acc: 0.000000
e:88/100, 200 loss: -11.746 acc: 0.000000
e:88/100, 300 loss: -12.595 acc: 0.000000
e:88/100, 400 loss: -13.006 acc: 0.000000
e:88/100, 500 loss: -13.216 acc: 0.000000
Training for batch 88 is done
e:89/100, 100 loss: -13.571 acc: 0.000000
e:89/100, 200 loss: -14.443 acc: 0.000000
e:89/100, 300 loss: -14.930 acc: 0.000000
e:89/100, 400 loss: -15.272 acc: 0.000000
e:89/100, 500 loss: -15.509 acc: 0.000000
Training for batch 89 is done
e:90/100, 100 loss: -14.795 acc: 0.000000
e:90/100, 200 loss: -16.665 acc: 0.000000
e:90/100, 300 loss: -17.422 acc: 0.000000
e:90/100, 400 loss: -17.895 acc: 0.000000
e:90/100, 500 loss: -18.203 acc: 0.000000
Training for batch 90 is done
e:91/100, 100 loss: -15.873 acc: 0.000000
e:91/100, 200 loss: -18.583 acc: 0.000000
e:91/100, 300 loss: -19.765 acc: 0.000000
e:91/100, 400 loss: -20.464 acc: 0.000000
e:91/100, 500 loss: -20.961 acc: 0.000000
Training for batch 91 is done
e:92/100, 100 loss: -11.457 acc: 0.000000
e:92/100, 200 loss: -12.686 acc: 0.000000
e:92/100, 300 loss: -14.055 acc: 0.000000
e:92/100, 400 loss: -14.534 acc: 0.000000
e:92/100, 500 loss: -14.839 acc: 0.000000
Training for batch 92 is done
e:93/100, 100 loss: -12.441 acc: 0.000000
e:93/100, 200 loss: -13.454 acc: 0.000000
e:93/100, 300 loss: -14.188 acc: 0.000000
e:93/100, 400 loss: -14.719 acc: 0.000000
e:93/100, 500 loss: -15.178 acc: 0.000000
Training for batch 93 is done
e:94/100, 100 loss: -14.326 acc: 0.000000
e:94/100, 200 loss: -15.277 acc: 0.000000
e:94/100, 300 loss: -15.719 acc: 0.000000
e:94/100, 400 loss: -15.979 acc: 0.000000
e:94/100, 500 loss: -16.118 acc: 0.000000
Training for batch 94 is done
e:95/100, 100 loss: -0.000 acc: 1.000000
e:95/100, 200 loss: -0.000 acc: 1.000000
e:95/100, 300 loss: -0.000 acc: 1.000000
e:95/100, 400 loss: -0.000 acc: 1.000000
e:95/100, 500 loss: -0.000 acc: 1.000000
Training for batch 95 is done
e:96/100, 100 loss: -13.352 acc: 0.000000
e:96/100, 200 loss: -14.858 acc: 0.000000
e:96/100, 300 loss: -15.723 acc: 0.000000
e:96/100, 400 loss: -16.041 acc: 0.000000
e:96/100, 500 loss: -16.223 acc: 0.000000
Training for batch 96 is done
e:97/100, 100 loss: -11.370 acc: 0.000000
e:97/100, 200 loss: -13.058 acc: 0.000000
e:97/100, 300 loss: -13.838 acc: 0.000000
e:97/100, 400 loss: -14.156 acc: 0.000000
e:97/100, 500 loss: -14.338 acc: 0.000000
Training for batch 97 is done
e:98/100, 100 loss: -13.942 acc: 0.000000
e:98/100, 200 loss: -15.779 acc: 0.000000
e:98/100, 300 loss: -16.443 acc: 0.000000
e:98/100, 400 loss: -16.761 acc: 0.000000
e:98/100, 500 loss: -16.996 acc: 0.000000
Training for batch 98 is done
e:99/100, 100 loss: -10.170 acc: 0.000000
e:99/100, 200 loss: -11.660 acc: 0.000000
e:99/100, 300 loss: -12.142 acc: 0.000000
e:99/100, 400 loss: -12.386 acc: 0.000000
e:99/100, 500 loss: -12.525 acc: 0.000000
Training for batch 99 is done
CW_kappa: 0
alpha: 1.0
beta: 1e-05
gamma: 0.001
nr_epoch: 500
targeted_attack: False
use_cross_entropy_loss: True
Success rate: 0.93
Noise l1-norm: 16.85793887927968
Noise l2-norm: 0.3553354560687978
Noise l-inf: 0.00839131389574338
