VGG16 weights loaded
e:0/100, 100 loss: -14.813 acc: 0.000000
e:0/100, 200 loss: -15.546 acc: 0.000000
e:0/100, 300 loss: -15.965 acc: 0.000000
e:0/100, 400 loss: -16.206 acc: 0.000000
e:0/100, 500 loss: -16.379 acc: 0.000000
Training for batch 0 is done
e:1/100, 100 loss: -13.665 acc: 0.000000
e:1/100, 200 loss: -16.121 acc: 0.000000
e:1/100, 300 loss: -16.835 acc: 0.000000
e:1/100, 400 loss: -17.248 acc: 0.000000
e:1/100, 500 loss: -17.538 acc: 0.000000
Training for batch 1 is done
e:2/100, 100 loss: -13.276 acc: 0.000000
e:2/100, 200 loss: -14.452 acc: 0.000000
e:2/100, 300 loss: -14.930 acc: 0.000000
e:2/100, 400 loss: -15.166 acc: 0.000000
e:2/100, 500 loss: -15.320 acc: 0.000000
Training for batch 2 is done
e:3/100, 100 loss: -15.652 acc: 0.000000
e:3/100, 200 loss: -16.761 acc: 0.000000
e:3/100, 300 loss: -17.295 acc: 0.000000
e:3/100, 400 loss: -17.597 acc: 0.000000
e:3/100, 500 loss: -17.818 acc: 0.000000
Training for batch 3 is done
e:4/100, 100 loss: -0.000 acc: 1.000000
e:4/100, 200 loss: -0.000 acc: 1.000000
e:4/100, 300 loss: -0.000 acc: 1.000000
e:4/100, 400 loss: -0.000 acc: 1.000000
e:4/100, 500 loss: -10.656 acc: 0.000000
Training for batch 4 is done
e:5/100, 100 loss: -11.477 acc: 0.000000
e:5/100, 200 loss: -14.198 acc: 0.000000
e:5/100, 300 loss: -14.815 acc: 0.000000
e:5/100, 400 loss: -15.188 acc: 0.000000
e:5/100, 500 loss: -15.457 acc: 0.000000
Training for batch 5 is done
e:6/100, 100 loss: -11.563 acc: 0.000000
e:6/100, 200 loss: -12.046 acc: 0.000000
e:6/100, 300 loss: -12.207 acc: 0.000000
e:6/100, 400 loss: -12.314 acc: 0.000000
e:6/100, 500 loss: -12.396 acc: 0.000000
Training for batch 6 is done
e:7/100, 100 loss: -0.000 acc: 1.000000
e:7/100, 200 loss: -0.000 acc: 1.000000
e:7/100, 300 loss: -0.000 acc: 1.000000
e:7/100, 400 loss: -0.000 acc: 1.000000
e:7/100, 500 loss: -0.000 acc: 1.000000
Training for batch 7 is done
e:8/100, 100 loss: -12.142 acc: 0.000000
e:8/100, 200 loss: -13.579 acc: 0.000000
e:8/100, 300 loss: -14.177 acc: 0.000000
e:8/100, 400 loss: -14.630 acc: 0.000000
e:8/100, 500 loss: -14.851 acc: 0.000000
Training for batch 8 is done
e:9/100, 100 loss: -13.197 acc: 0.000000
e:9/100, 200 loss: -13.699 acc: 0.000000
e:9/100, 300 loss: -13.899 acc: 0.000000
e:9/100, 400 loss: -14.032 acc: 0.000000
e:9/100, 500 loss: -14.177 acc: 0.000000
Training for batch 9 is done
e:10/100, 100 loss: -12.841 acc: 0.000000
e:10/100, 200 loss: -13.369 acc: 0.000000
e:10/100, 300 loss: -13.732 acc: 0.000000
e:10/100, 400 loss: -14.132 acc: 0.000000
e:10/100, 500 loss: -14.396 acc: 0.000000
Training for batch 10 is done
e:11/100, 100 loss: -12.410 acc: 0.000000
e:11/100, 200 loss: -13.952 acc: 0.000000
e:11/100, 300 loss: -14.575 acc: 0.000000
e:11/100, 400 loss: -15.005 acc: 0.000000
e:11/100, 500 loss: -15.294 acc: 0.000000
Training for batch 11 is done
e:12/100, 100 loss: -12.819 acc: 0.000000
e:12/100, 200 loss: -13.848 acc: 0.000000
e:12/100, 300 loss: -14.612 acc: 0.000000
e:12/100, 400 loss: -15.369 acc: 0.000000
e:12/100, 500 loss: -15.877 acc: 0.000000
Training for batch 12 is done
e:13/100, 100 loss: -12.168 acc: 0.000000
e:13/100, 200 loss: -13.063 acc: 0.000000
e:13/100, 300 loss: -13.545 acc: 0.000000
e:13/100, 400 loss: -13.942 acc: 0.000000
e:13/100, 500 loss: -14.177 acc: 0.000000
Training for batch 13 is done
e:14/100, 100 loss: -12.744 acc: 0.000000
e:14/100, 200 loss: -13.474 acc: 0.000000
e:14/100, 300 loss: -13.869 acc: 0.000000
e:14/100, 400 loss: -14.120 acc: 0.000000
e:14/100, 500 loss: -14.283 acc: 0.000000
Training for batch 14 is done
e:15/100, 100 loss: -13.195 acc: 0.000000
e:15/100, 200 loss: -15.074 acc: 0.000000
e:15/100, 300 loss: -16.192 acc: 0.000000
e:15/100, 400 loss: -16.689 acc: 0.000000
e:15/100, 500 loss: -16.859 acc: 0.000000
Training for batch 15 is done
e:16/100, 100 loss: -12.059 acc: 0.000000
e:16/100, 200 loss: -13.317 acc: 0.000000
e:16/100, 300 loss: -13.912 acc: 0.000000
e:16/100, 400 loss: -14.283 acc: 0.000000
e:16/100, 500 loss: -14.508 acc: 0.000000
Training for batch 16 is done
e:17/100, 100 loss: -15.549 acc: 0.000000
e:17/100, 200 loss: -17.919 acc: 0.000000
e:17/100, 300 loss: -19.368 acc: 0.000000
e:17/100, 400 loss: -20.134 acc: 0.000000
e:17/100, 500 loss: -20.760 acc: 0.000000
Training for batch 17 is done
e:18/100, 100 loss: -13.047 acc: 0.000000
e:18/100, 200 loss: -14.410 acc: 0.000000
e:18/100, 300 loss: -15.446 acc: 0.000000
e:18/100, 400 loss: -16.164 acc: 0.000000
e:18/100, 500 loss: -16.629 acc: 0.000000
Training for batch 18 is done
e:19/100, 100 loss: -13.608 acc: 0.000000
e:19/100, 200 loss: -14.483 acc: 0.000000
e:19/100, 300 loss: -14.856 acc: 0.000000
e:19/100, 400 loss: -15.116 acc: 0.000000
e:19/100, 500 loss: -15.301 acc: 0.000000
Training for batch 19 is done
e:20/100, 100 loss: -14.609 acc: 0.000000
e:20/100, 200 loss: -16.227 acc: 0.000000
e:20/100, 300 loss: -17.155 acc: 0.000000
e:20/100, 400 loss: -17.804 acc: 0.000000
e:20/100, 500 loss: -18.220 acc: 0.000000
Training for batch 20 is done
e:21/100, 100 loss: -10.536 acc: 0.000000
e:21/100, 200 loss: -11.333 acc: 0.000000
e:21/100, 300 loss: -11.680 acc: 0.000000
e:21/100, 400 loss: -11.987 acc: 0.000000
e:21/100, 500 loss: -12.177 acc: 0.000000
Training for batch 21 is done
e:22/100, 100 loss: -14.685 acc: 0.000000
e:22/100, 200 loss: -15.390 acc: 0.000000
e:22/100, 300 loss: -15.769 acc: 0.000000
e:22/100, 400 loss: -15.968 acc: 0.000000
e:22/100, 500 loss: -16.100 acc: 0.000000
Training for batch 22 is done
e:23/100, 100 loss: -13.012 acc: 0.000000
e:23/100, 200 loss: -15.180 acc: 0.000000
e:23/100, 300 loss: -15.852 acc: 0.000000
e:23/100, 400 loss: -16.160 acc: 0.000000
e:23/100, 500 loss: -16.370 acc: 0.000000
Training for batch 23 is done
e:24/100, 100 loss: -12.405 acc: 0.000000
e:24/100, 200 loss: -14.024 acc: 0.000000
e:24/100, 300 loss: -14.756 acc: 0.000000
e:24/100, 400 loss: -15.293 acc: 0.000000
e:24/100, 500 loss: -15.686 acc: 0.000000
Training for batch 24 is done
e:25/100, 100 loss: -13.563 acc: 0.000000
e:25/100, 200 loss: -14.550 acc: 0.000000
e:25/100, 300 loss: -15.016 acc: 0.000000
e:25/100, 400 loss: -15.275 acc: 0.000000
e:25/100, 500 loss: -15.475 acc: 0.000000
Training for batch 25 is done
e:26/100, 100 loss: -14.764 acc: 0.000000
e:26/100, 200 loss: -16.869 acc: 0.000000
e:26/100, 300 loss: -18.041 acc: 0.000000
e:26/100, 400 loss: -18.686 acc: 0.000000
e:26/100, 500 loss: -19.125 acc: 0.000000
Training for batch 26 is done
e:27/100, 100 loss: -13.948 acc: 0.000000
e:27/100, 200 loss: -14.909 acc: 0.000000
e:27/100, 300 loss: -15.381 acc: 0.000000
e:27/100, 400 loss: -15.674 acc: 0.000000
e:27/100, 500 loss: -15.914 acc: 0.000000
Training for batch 27 is done
e:28/100, 100 loss: -13.314 acc: 0.000000
e:28/100, 200 loss: -14.206 acc: 0.000000
e:28/100, 300 loss: -15.014 acc: 0.000000
e:28/100, 400 loss: -15.529 acc: 0.000000
e:28/100, 500 loss: -15.950 acc: 0.000000
Training for batch 28 is done
e:29/100, 100 loss: -11.761 acc: 0.000000
e:29/100, 200 loss: -13.008 acc: 0.000000
e:29/100, 300 loss: -13.695 acc: 0.000000
e:29/100, 400 loss: -14.073 acc: 0.000000
e:29/100, 500 loss: -14.303 acc: 0.000000
Training for batch 29 is done
e:30/100, 100 loss: -0.000 acc: 1.000000
e:30/100, 200 loss: -0.085 acc: 1.000000
e:30/100, 300 loss: -13.329 acc: 0.000000
e:30/100, 400 loss: -13.955 acc: 0.000000
e:30/100, 500 loss: -14.355 acc: 0.000000
Training for batch 30 is done
e:31/100, 100 loss: -13.944 acc: 0.000000
e:31/100, 200 loss: -15.086 acc: 0.000000
e:31/100, 300 loss: -15.545 acc: 0.000000
e:31/100, 400 loss: -15.806 acc: 0.000000
e:31/100, 500 loss: -15.997 acc: 0.000000
Training for batch 31 is done
e:32/100, 100 loss: -13.331 acc: 0.000000
e:32/100, 200 loss: -14.752 acc: 0.000000
e:32/100, 300 loss: -15.214 acc: 0.000000
e:32/100, 400 loss: -15.530 acc: 0.000000
e:32/100, 500 loss: -15.727 acc: 0.000000
Training for batch 32 is done
e:33/100, 100 loss: -12.941 acc: 0.000000
e:33/100, 200 loss: -14.101 acc: 0.000000
e:33/100, 300 loss: -14.661 acc: 0.000000
e:33/100, 400 loss: -15.079 acc: 0.000000
e:33/100, 500 loss: -15.360 acc: 0.000000
Training for batch 33 is done
e:34/100, 100 loss: -14.618 acc: 0.000000
e:34/100, 200 loss: -16.027 acc: 0.000000
e:34/100, 300 loss: -16.751 acc: 0.000000
e:34/100, 400 loss: -17.171 acc: 0.000000
e:34/100, 500 loss: -17.438 acc: 0.000000
Training for batch 34 is done
e:35/100, 100 loss: -12.834 acc: 0.000000
e:35/100, 200 loss: -14.319 acc: 0.000000
e:35/100, 300 loss: -15.047 acc: 0.000000
e:35/100, 400 loss: -15.455 acc: 0.000000
e:35/100, 500 loss: -15.733 acc: 0.000000
Training for batch 35 is done
e:36/100, 100 loss: -14.639 acc: 0.000000
e:36/100, 200 loss: -16.670 acc: 0.000000
e:36/100, 300 loss: -17.844 acc: 0.000000
e:36/100, 400 loss: -18.710 acc: 0.000000
e:36/100, 500 loss: -19.244 acc: 0.000000
Training for batch 36 is done
e:37/100, 100 loss: -13.372 acc: 0.000000
e:37/100, 200 loss: -14.567 acc: 0.000000
e:37/100, 300 loss: -15.088 acc: 0.000000
e:37/100, 400 loss: -15.425 acc: 0.000000
e:37/100, 500 loss: -15.624 acc: 0.000000
Training for batch 37 is done
e:38/100, 100 loss: -11.855 acc: 0.000000
e:38/100, 200 loss: -14.124 acc: 0.000000
e:38/100, 300 loss: -15.106 acc: 0.000000
e:38/100, 400 loss: -15.865 acc: 0.000000
e:38/100, 500 loss: -16.440 acc: 0.000000
Training for batch 38 is done
e:39/100, 100 loss: -10.955 acc: 0.000000
e:39/100, 200 loss: -13.357 acc: 0.000000
e:39/100, 300 loss: -15.274 acc: 0.000000
e:39/100, 400 loss: -17.257 acc: 0.000000
e:39/100, 500 loss: -19.308 acc: 0.000000
Training for batch 39 is done
e:40/100, 100 loss: -12.306 acc: 0.000000
e:40/100, 200 loss: -13.101 acc: 0.000000
e:40/100, 300 loss: -13.441 acc: 0.000000
e:40/100, 400 loss: -13.678 acc: 0.000000
e:40/100, 500 loss: -13.855 acc: 0.000000
Training for batch 40 is done
e:41/100, 100 loss: -9.769 acc: 0.000000
e:41/100, 200 loss: -12.042 acc: 0.000000
e:41/100, 300 loss: -12.747 acc: 0.000000
e:41/100, 400 loss: -13.138 acc: 0.000000
e:41/100, 500 loss: -13.381 acc: 0.000000
Training for batch 41 is done
e:42/100, 100 loss: -11.848 acc: 0.000000
e:42/100, 200 loss: -12.308 acc: 0.000000
e:42/100, 300 loss: -12.471 acc: 0.000000
e:42/100, 400 loss: -12.567 acc: 0.000000
e:42/100, 500 loss: -12.655 acc: 0.000000
Training for batch 42 is done
e:43/100, 100 loss: -12.908 acc: 0.000000
e:43/100, 200 loss: -14.065 acc: 0.000000
e:43/100, 300 loss: -14.561 acc: 0.000000
e:43/100, 400 loss: -14.899 acc: 0.000000
e:43/100, 500 loss: -15.116 acc: 0.000000
Training for batch 43 is done
e:44/100, 100 loss: -11.720 acc: 0.000000
e:44/100, 200 loss: -12.998 acc: 0.000000
e:44/100, 300 loss: -13.513 acc: 0.000000
e:44/100, 400 loss: -13.765 acc: 0.000000
e:44/100, 500 loss: -13.949 acc: 0.000000
Training for batch 44 is done
e:45/100, 100 loss: -10.767 acc: 0.000000
e:45/100, 200 loss: -12.049 acc: 0.000000
e:45/100, 300 loss: -12.506 acc: 0.000000
e:45/100, 400 loss: -12.797 acc: 0.000000
e:45/100, 500 loss: -13.023 acc: 0.000000
Training for batch 45 is done
e:46/100, 100 loss: -10.848 acc: 0.000000
e:46/100, 200 loss: -12.680 acc: 0.000000
e:46/100, 300 loss: -13.365 acc: 0.000000
e:46/100, 400 loss: -13.835 acc: 0.000000
e:46/100, 500 loss: -14.152 acc: 0.000000
Training for batch 46 is done
e:47/100, 100 loss: -12.665 acc: 0.000000
e:47/100, 200 loss: -13.603 acc: 0.000000
e:47/100, 300 loss: -14.064 acc: 0.000000
e:47/100, 400 loss: -14.275 acc: 0.000000
e:47/100, 500 loss: -14.436 acc: 0.000000
Training for batch 47 is done
e:48/100, 100 loss: -12.403 acc: 0.000000
e:48/100, 200 loss: -13.214 acc: 0.000000
e:48/100, 300 loss: -13.591 acc: 0.000000
e:48/100, 400 loss: -13.785 acc: 0.000000
e:48/100, 500 loss: -13.917 acc: 0.000000
Training for batch 48 is done
e:49/100, 100 loss: -12.003 acc: 0.000000
e:49/100, 200 loss: -12.544 acc: 0.000000
e:49/100, 300 loss: -12.791 acc: 0.000000
e:49/100, 400 loss: -12.936 acc: 0.000000
e:49/100, 500 loss: -13.039 acc: 0.000000
Training for batch 49 is done
e:50/100, 100 loss: -12.405 acc: 0.000000
e:50/100, 200 loss: -13.875 acc: 0.000000
e:50/100, 300 loss: -14.808 acc: 0.000000
e:50/100, 400 loss: -15.517 acc: 0.000000
e:50/100, 500 loss: -15.722 acc: 0.000000
Training for batch 50 is done
e:51/100, 100 loss: -12.192 acc: 0.000000
e:51/100, 200 loss: -12.926 acc: 0.000000
e:51/100, 300 loss: -13.277 acc: 0.000000
e:51/100, 400 loss: -13.499 acc: 0.000000
e:51/100, 500 loss: -13.644 acc: 0.000000
Training for batch 51 is done
e:52/100, 100 loss: -14.278 acc: 0.000000
e:52/100, 200 loss: -15.192 acc: 0.000000
e:52/100, 300 loss: -15.608 acc: 0.000000
e:52/100, 400 loss: -15.815 acc: 0.000000
e:52/100, 500 loss: -15.961 acc: 0.000000
Training for batch 52 is done
e:53/100, 100 loss: -12.356 acc: 0.000000
e:53/100, 200 loss: -13.762 acc: 0.000000
e:53/100, 300 loss: -14.196 acc: 0.000000
e:53/100, 400 loss: -14.427 acc: 0.000000
e:53/100, 500 loss: -14.640 acc: 0.000000
Training for batch 53 is done
e:54/100, 100 loss: -11.805 acc: 0.000000
e:54/100, 200 loss: -12.508 acc: 0.000000
e:54/100, 300 loss: -12.738 acc: 0.000000
e:54/100, 400 loss: -12.902 acc: 0.000000
e:54/100, 500 loss: -13.072 acc: 0.000000
Training for batch 54 is done
e:55/100, 100 loss: -11.455 acc: 0.000000
e:55/100, 200 loss: -12.273 acc: 0.000000
e:55/100, 300 loss: -12.713 acc: 0.000000
e:55/100, 400 loss: -13.024 acc: 0.000000
e:55/100, 500 loss: -13.302 acc: 0.000000
Training for batch 55 is done
e:56/100, 100 loss: -12.529 acc: 0.000000
e:56/100, 200 loss: -13.285 acc: 0.000000
e:56/100, 300 loss: -13.633 acc: 0.000000
e:56/100, 400 loss: -13.854 acc: 0.000000
e:56/100, 500 loss: -14.026 acc: 0.000000
Training for batch 56 is done
e:57/100, 100 loss: -13.830 acc: 0.000000
e:57/100, 200 loss: -15.531 acc: 0.000000
e:57/100, 300 loss: -16.121 acc: 0.000000
e:57/100, 400 loss: -16.451 acc: 0.000000
e:57/100, 500 loss: -16.754 acc: 0.000000
Training for batch 57 is done
e:58/100, 100 loss: -13.247 acc: 0.000000
e:58/100, 200 loss: -14.376 acc: 0.000000
e:58/100, 300 loss: -14.757 acc: 0.000000
e:58/100, 400 loss: -15.018 acc: 0.000000
e:58/100, 500 loss: -15.224 acc: 0.000000
Training for batch 58 is done
e:59/100, 100 loss: -12.532 acc: 0.000000
e:59/100, 200 loss: -13.602 acc: 0.000000
e:59/100, 300 loss: -13.953 acc: 0.000000
e:59/100, 400 loss: -14.213 acc: 0.000000
e:59/100, 500 loss: -14.395 acc: 0.000000
Training for batch 59 is done
e:60/100, 100 loss: -10.217 acc: 0.000000
e:60/100, 200 loss: -12.262 acc: 0.000000
e:60/100, 300 loss: -13.175 acc: 0.000000
e:60/100, 400 loss: -13.472 acc: 0.000000
e:60/100, 500 loss: -13.732 acc: 0.000000
Training for batch 60 is done
e:61/100, 100 loss: -0.000 acc: 1.000000
e:61/100, 200 loss: -0.000 acc: 1.000000
e:61/100, 300 loss: -0.000 acc: 1.000000
e:61/100, 400 loss: -0.000 acc: 1.000000
e:61/100, 500 loss: -0.000 acc: 1.000000
Training for batch 61 is done
e:62/100, 100 loss: -13.216 acc: 0.000000
e:62/100, 200 loss: -14.452 acc: 0.000000
e:62/100, 300 loss: -14.919 acc: 0.000000
e:62/100, 400 loss: -15.281 acc: 0.000000
e:62/100, 500 loss: -15.545 acc: 0.000000
Training for batch 62 is done
e:63/100, 100 loss: -11.052 acc: 0.000000
e:63/100, 200 loss: -11.717 acc: 0.000000
e:63/100, 300 loss: -11.893 acc: 0.000000
e:63/100, 400 loss: -11.984 acc: 0.000000
e:63/100, 500 loss: -12.039 acc: 0.000000
Training for batch 63 is done
e:64/100, 100 loss: -10.965 acc: 0.000000
e:64/100, 200 loss: -12.011 acc: 0.000000
e:64/100, 300 loss: -12.580 acc: 0.000000
e:64/100, 400 loss: -12.884 acc: 0.000000
e:64/100, 500 loss: -13.059 acc: 0.000000
Training for batch 64 is done
e:65/100, 100 loss: -10.978 acc: 0.000000
e:65/100, 200 loss: -12.507 acc: 0.000000
e:65/100, 300 loss: -13.001 acc: 0.000000
e:65/100, 400 loss: -13.287 acc: 0.000000
e:65/100, 500 loss: -13.460 acc: 0.000000
Training for batch 65 is done
e:66/100, 100 loss: -12.128 acc: 0.000000
e:66/100, 200 loss: -12.735 acc: 0.000000
e:66/100, 300 loss: -13.043 acc: 0.000000
e:66/100, 400 loss: -13.210 acc: 0.000000
e:66/100, 500 loss: -13.339 acc: 0.000000
Training for batch 66 is done
e:67/100, 100 loss: -14.658 acc: 0.000000
e:67/100, 200 loss: -15.489 acc: 0.000000
e:67/100, 300 loss: -15.820 acc: 0.000000
e:67/100, 400 loss: -15.983 acc: 0.000000
e:67/100, 500 loss: -16.100 acc: 0.000000
Training for batch 67 is done
e:68/100, 100 loss: -13.047 acc: 0.000000
e:68/100, 200 loss: -14.603 acc: 0.000000
e:68/100, 300 loss: -15.234 acc: 0.000000
e:68/100, 400 loss: -15.640 acc: 0.000000
e:68/100, 500 loss: -15.900 acc: 0.000000
Training for batch 68 is done
e:69/100, 100 loss: -13.503 acc: 0.000000
e:69/100, 200 loss: -14.759 acc: 0.000000
e:69/100, 300 loss: -15.040 acc: 0.000000
e:69/100, 400 loss: -15.181 acc: 0.000000
e:69/100, 500 loss: -15.275 acc: 0.000000
Training for batch 69 is done
e:70/100, 100 loss: -13.584 acc: 0.000000
e:70/100, 200 loss: -14.713 acc: 0.000000
e:70/100, 300 loss: -15.195 acc: 0.000000
e:70/100, 400 loss: -15.513 acc: 0.000000
e:70/100, 500 loss: -15.770 acc: 0.000000
Training for batch 70 is done
e:71/100, 100 loss: -13.480 acc: 0.000000
e:71/100, 200 loss: -14.422 acc: 0.000000
e:71/100, 300 loss: -14.822 acc: 0.000000
e:71/100, 400 loss: -15.017 acc: 0.000000
e:71/100, 500 loss: -15.141 acc: 0.000000
Training for batch 71 is done
e:72/100, 100 loss: -13.545 acc: 0.000000
e:72/100, 200 loss: -14.223 acc: 0.000000
e:72/100, 300 loss: -14.726 acc: 0.000000
e:72/100, 400 loss: -14.981 acc: 0.000000
e:72/100, 500 loss: -15.187 acc: 0.000000
Training for batch 72 is done
e:73/100, 100 loss: -13.478 acc: 0.000000
e:73/100, 200 loss: -15.012 acc: 0.000000
e:73/100, 300 loss: -15.714 acc: 0.000000
e:73/100, 400 loss: -16.271 acc: 0.000000
e:73/100, 500 loss: -16.582 acc: 0.000000
Training for batch 73 is done
e:74/100, 100 loss: -13.603 acc: 0.000000
e:74/100, 200 loss: -15.257 acc: 0.000000
e:74/100, 300 loss: -16.152 acc: 0.000000
e:74/100, 400 loss: -16.673 acc: 0.000000
e:74/100, 500 loss: -17.038 acc: 0.000000
Training for batch 74 is done
e:75/100, 100 loss: -14.283 acc: 0.000000
e:75/100, 200 loss: -15.596 acc: 0.000000
e:75/100, 300 loss: -16.169 acc: 0.000000
e:75/100, 400 loss: -16.432 acc: 0.000000
e:75/100, 500 loss: -16.580 acc: 0.000000
Training for batch 75 is done
e:76/100, 100 loss: -12.491 acc: 0.000000
e:76/100, 200 loss: -13.445 acc: 0.000000
e:76/100, 300 loss: -13.917 acc: 0.000000
e:76/100, 400 loss: -15.416 acc: 0.000000
e:76/100, 500 loss: -15.657 acc: 0.000000
Training for batch 76 is done
e:77/100, 100 loss: -12.491 acc: 0.000000
e:77/100, 200 loss: -13.392 acc: 0.000000
e:77/100, 300 loss: -13.708 acc: 0.000000
e:77/100, 400 loss: -13.913 acc: 0.000000
e:77/100, 500 loss: -14.080 acc: 0.000000
Training for batch 77 is done
e:78/100, 100 loss: -13.131 acc: 0.000000
e:78/100, 200 loss: -14.234 acc: 0.000000
e:78/100, 300 loss: -14.899 acc: 0.000000
e:78/100, 400 loss: -15.404 acc: 0.000000
e:78/100, 500 loss: -15.701 acc: 0.000000
Training for batch 78 is done
e:79/100, 100 loss: -11.009 acc: 0.000000
e:79/100, 200 loss: -12.664 acc: 0.000000
e:79/100, 300 loss: -13.130 acc: 0.000000
e:79/100, 400 loss: -13.354 acc: 0.000000
e:79/100, 500 loss: -13.491 acc: 0.000000
Training for batch 79 is done
e:80/100, 100 loss: -13.170 acc: 0.000000
e:80/100, 200 loss: -14.709 acc: 0.000000
e:80/100, 300 loss: -15.636 acc: 0.000000
e:80/100, 400 loss: -16.053 acc: 0.000000
e:80/100, 500 loss: -16.369 acc: 0.000000
Training for batch 80 is done
e:81/100, 100 loss: -12.619 acc: 0.000000
e:81/100, 200 loss: -13.351 acc: 0.000000
e:81/100, 300 loss: -13.740 acc: 0.000000
e:81/100, 400 loss: -13.976 acc: 0.000000
e:81/100, 500 loss: -14.150 acc: 0.000000
Training for batch 81 is done
e:82/100, 100 loss: -13.251 acc: 0.000000
e:82/100, 200 loss: -13.995 acc: 0.000000
e:82/100, 300 loss: -14.369 acc: 0.000000
e:82/100, 400 loss: -14.723 acc: 0.000000
e:82/100, 500 loss: -15.125 acc: 0.000000
Training for batch 82 is done
e:83/100, 100 loss: -12.356 acc: 0.000000
e:83/100, 200 loss: -13.235 acc: 0.000000
e:83/100, 300 loss: -13.575 acc: 0.000000
e:83/100, 400 loss: -13.839 acc: 0.000000
e:83/100, 500 loss: -14.086 acc: 0.000000
Training for batch 83 is done
e:84/100, 100 loss: -13.612 acc: 0.000000
e:84/100, 200 loss: -14.980 acc: 0.000000
e:84/100, 300 loss: -15.661 acc: 0.000000
e:84/100, 400 loss: -16.081 acc: 0.000000
e:84/100, 500 loss: -16.388 acc: 0.000000
Training for batch 84 is done
e:85/100, 100 loss: -13.050 acc: 0.000000
e:85/100, 200 loss: -13.935 acc: 0.000000
e:85/100, 300 loss: -14.320 acc: 0.000000
e:85/100, 400 loss: -14.532 acc: 0.000000
e:85/100, 500 loss: -14.661 acc: 0.000000
Training for batch 85 is done
e:86/100, 100 loss: -13.230 acc: 0.000000
e:86/100, 200 loss: -14.063 acc: 0.000000
e:86/100, 300 loss: -14.498 acc: 0.000000
e:86/100, 400 loss: -14.787 acc: 0.000000
e:86/100, 500 loss: -15.000 acc: 0.000000
Training for batch 86 is done
e:87/100, 100 loss: -13.890 acc: 0.000000
e:87/100, 200 loss: -15.361 acc: 0.000000
e:87/100, 300 loss: -15.977 acc: 0.000000
e:87/100, 400 loss: -16.508 acc: 0.000000
e:87/100, 500 loss: -16.842 acc: 0.000000
Training for batch 87 is done
e:88/100, 100 loss: -9.516 acc: 0.000000
e:88/100, 200 loss: -11.749 acc: 0.000000
e:88/100, 300 loss: -12.586 acc: 0.000000
e:88/100, 400 loss: -12.984 acc: 0.000000
e:88/100, 500 loss: -13.190 acc: 0.000000
Training for batch 88 is done
e:89/100, 100 loss: -13.558 acc: 0.000000
e:89/100, 200 loss: -14.497 acc: 0.000000
e:89/100, 300 loss: -15.003 acc: 0.000000
e:89/100, 400 loss: -15.334 acc: 0.000000
e:89/100, 500 loss: -15.604 acc: 0.000000
Training for batch 89 is done
e:90/100, 100 loss: -14.791 acc: 0.000000
e:90/100, 200 loss: -16.660 acc: 0.000000
e:90/100, 300 loss: -17.427 acc: 0.000000
e:90/100, 400 loss: -17.908 acc: 0.000000
e:90/100, 500 loss: -18.207 acc: 0.000000
Training for batch 90 is done
e:91/100, 100 loss: -15.978 acc: 0.000000
e:91/100, 200 loss: -18.640 acc: 0.000000
e:91/100, 300 loss: -19.814 acc: 0.000000
e:91/100, 400 loss: -20.490 acc: 0.000000
e:91/100, 500 loss: -20.952 acc: 0.000000
Training for batch 91 is done
e:92/100, 100 loss: -11.458 acc: 0.000000
e:92/100, 200 loss: -12.757 acc: 0.000000
e:92/100, 300 loss: -14.053 acc: 0.000000
e:92/100, 400 loss: -14.498 acc: 0.000000
e:92/100, 500 loss: -14.806 acc: 0.000000
Training for batch 92 is done
e:93/100, 100 loss: -12.425 acc: 0.000000
e:93/100, 200 loss: -13.398 acc: 0.000000
e:93/100, 300 loss: -14.149 acc: 0.000000
e:93/100, 400 loss: -14.814 acc: 0.000000
e:93/100, 500 loss: -15.293 acc: 0.000000
Training for batch 93 is done
e:94/100, 100 loss: -14.332 acc: 0.000000
e:94/100, 200 loss: -15.315 acc: 0.000000
e:94/100, 300 loss: -15.757 acc: 0.000000
e:94/100, 400 loss: -15.993 acc: 0.000000
e:94/100, 500 loss: -16.142 acc: 0.000000
Training for batch 94 is done
e:95/100, 100 loss: -0.000 acc: 1.000000
e:95/100, 200 loss: -0.000 acc: 1.000000
e:95/100, 300 loss: -0.000 acc: 1.000000
e:95/100, 400 loss: -0.000 acc: 1.000000
e:95/100, 500 loss: -13.551 acc: 0.000000
Training for batch 95 is done
e:96/100, 100 loss: -13.429 acc: 0.000000
e:96/100, 200 loss: -14.877 acc: 0.000000
e:96/100, 300 loss: -15.734 acc: 0.000000
e:96/100, 400 loss: -15.972 acc: 0.000000
e:96/100, 500 loss: -16.146 acc: 0.000000
Training for batch 96 is done
e:97/100, 100 loss: -11.362 acc: 0.000000
e:97/100, 200 loss: -12.963 acc: 0.000000
e:97/100, 300 loss: -13.796 acc: 0.000000
e:97/100, 400 loss: -14.104 acc: 0.000000
e:97/100, 500 loss: -14.288 acc: 0.000000
Training for batch 97 is done
e:98/100, 100 loss: -13.557 acc: 0.000000
e:98/100, 200 loss: -15.259 acc: 0.000000
e:98/100, 300 loss: -15.825 acc: 0.000000
e:98/100, 400 loss: -16.191 acc: 0.000000
e:98/100, 500 loss: -16.503 acc: 0.000000
Training for batch 98 is done
e:99/100, 100 loss: -10.181 acc: 0.000000
e:99/100, 200 loss: -11.673 acc: 0.000000
e:99/100, 300 loss: -12.156 acc: 0.000000
e:99/100, 400 loss: -12.412 acc: 0.000000
e:99/100, 500 loss: -12.551 acc: 0.000000
Training for batch 99 is done
CW_kappa: 0
alpha: 1.0
beta: 1e-05
gamma: 0.0
nr_epoch: 500
targeted_attack: False
use_cross_entropy_loss: True
Success rate: 0.98
Noise l1-norm: 17.838216061494787
Noise l2-norm: 0.37614472560128387
Noise l-inf: 0.008883553823190076
