VGG16 weights loaded
e:0/100, 100 loss: 0.201 acc: 0.000000
e:0/100, 200 loss: 0.106 acc: 0.000000
e:0/100, 300 loss: 0.052 acc: 0.000000
e:0/100, 400 loss: 0.061 acc: 0.000000
e:0/100, 500 loss: 0.092 acc: 0.000000
Training for batch 0 is done
e:1/100, 100 loss: 0.949 acc: 0.000000
e:1/100, 200 loss: 0.635 acc: 0.000000
e:1/100, 300 loss: 0.604 acc: 0.000000
e:1/100, 400 loss: 0.587 acc: 0.000000
e:1/100, 500 loss: 0.563 acc: 0.000000
Training for batch 1 is done
e:2/100, 100 loss: 0.410 acc: 0.000000
e:2/100, 200 loss: 0.205 acc: 0.000000
e:2/100, 300 loss: 0.179 acc: 0.000000
e:2/100, 400 loss: 0.169 acc: 0.000000
e:2/100, 500 loss: 0.179 acc: 0.000000
Training for batch 2 is done
e:3/100, 100 loss: 0.193 acc: 0.000000
e:3/100, 200 loss: 0.155 acc: 0.000000
e:3/100, 300 loss: 0.084 acc: 0.000000
e:3/100, 400 loss: 0.114 acc: 0.000000
e:3/100, 500 loss: 0.186 acc: 0.000000
Training for batch 3 is done
e:4/100, 100 loss: 0.976 acc: 0.000000
e:4/100, 200 loss: 0.635 acc: 0.000000
e:4/100, 300 loss: 0.634 acc: 0.000000
e:4/100, 400 loss: 0.610 acc: 0.000000
e:4/100, 500 loss: 0.536 acc: 0.000000
Training for batch 4 is done
e:5/100, 100 loss: 0.975 acc: 0.000000
e:5/100, 200 loss: 0.646 acc: 0.000000
e:5/100, 300 loss: 0.588 acc: 0.000000
e:5/100, 400 loss: 0.571 acc: 0.000000
e:5/100, 500 loss: 0.599 acc: 0.000000
Training for batch 5 is done
e:6/100, 100 loss: 0.588 acc: 0.000000
e:6/100, 200 loss: 0.307 acc: 0.000000
e:6/100, 300 loss: 0.311 acc: 0.000000
e:6/100, 400 loss: 0.337 acc: 0.000000
e:6/100, 500 loss: 0.272 acc: 0.000000
Training for batch 6 is done
e:7/100, 100 loss: 1.190 acc: 0.000000
e:7/100, 200 loss: 0.779 acc: 0.000000
e:7/100, 300 loss: 0.695 acc: 0.000000
e:7/100, 400 loss: 0.638 acc: 0.000000
e:7/100, 500 loss: 0.611 acc: 0.000000
Training for batch 7 is done
e:8/100, 100 loss: 0.623 acc: 0.000000
e:8/100, 200 loss: 0.413 acc: 0.000000
e:8/100, 300 loss: 0.378 acc: 0.000000
e:8/100, 400 loss: 0.407 acc: 0.000000
e:8/100, 500 loss: 0.342 acc: 0.000000
Training for batch 8 is done
e:9/100, 100 loss: 0.434 acc: 0.000000
e:9/100, 200 loss: 0.206 acc: 0.000000
e:9/100, 300 loss: 0.164 acc: 0.000000
e:9/100, 400 loss: 0.163 acc: 0.000000
e:9/100, 500 loss: 0.188 acc: 0.000000
Training for batch 9 is done
e:10/100, 100 loss: 0.189 acc: 0.000000
e:10/100, 200 loss: 0.095 acc: 0.000000
e:10/100, 300 loss: 0.105 acc: 0.000000
e:10/100, 400 loss: 0.170 acc: 0.000000
e:10/100, 500 loss: 0.065 acc: 0.000000
Training for batch 10 is done
e:11/100, 100 loss: 0.520 acc: 0.000000
e:11/100, 200 loss: 0.348 acc: 0.000000
e:11/100, 300 loss: 0.351 acc: 0.000000
e:11/100, 400 loss: 0.370 acc: 0.000000
e:11/100, 500 loss: 0.274 acc: 0.000000
Training for batch 11 is done
e:12/100, 100 loss: 0.522 acc: 0.000000
e:12/100, 200 loss: 0.369 acc: 0.000000
e:12/100, 300 loss: 0.319 acc: 0.000000
e:12/100, 400 loss: 0.276 acc: 0.000000
e:12/100, 500 loss: 0.274 acc: 0.000000
Training for batch 12 is done
e:13/100, 100 loss: 0.290 acc: 0.000000
e:13/100, 200 loss: 0.127 acc: 0.000000
e:13/100, 300 loss: 0.151 acc: 0.000000
e:13/100, 400 loss: 0.129 acc: 0.000000
e:13/100, 500 loss: 0.156 acc: 0.000000
Training for batch 13 is done
e:14/100, 100 loss: 0.315 acc: 0.000000
e:14/100, 200 loss: 0.304 acc: 0.000000
e:14/100, 300 loss: 0.235 acc: 0.000000
e:14/100, 400 loss: 0.251 acc: 0.000000
e:14/100, 500 loss: 0.254 acc: 0.000000
Training for batch 14 is done
e:15/100, 100 loss: 0.639 acc: 0.000000
e:15/100, 200 loss: 0.360 acc: 0.000000
e:15/100, 300 loss: 0.317 acc: 0.000000
e:15/100, 400 loss: 0.310 acc: 0.000000
e:15/100, 500 loss: 0.313 acc: 0.000000
Training for batch 15 is done
e:16/100, 100 loss: 0.163 acc: 0.000000
e:16/100, 200 loss: 0.175 acc: 0.000000
e:16/100, 300 loss: 0.123 acc: 0.000000
e:16/100, 400 loss: 0.106 acc: 0.000000
e:16/100, 500 loss: 0.097 acc: 0.000000
Training for batch 16 is done
e:17/100, 100 loss: 0.049 acc: 0.000000
e:17/100, 200 loss: 0.044 acc: 0.000000
e:17/100, 300 loss: 0.048 acc: 0.000000
e:17/100, 400 loss: 0.059 acc: 0.000000
e:17/100, 500 loss: 0.083 acc: 0.000000
Training for batch 17 is done
e:18/100, 100 loss: 0.157 acc: 0.000000
e:18/100, 200 loss: 0.192 acc: 0.000000
e:18/100, 300 loss: 0.128 acc: 0.000000
e:18/100, 400 loss: 0.095 acc: 0.000000
e:18/100, 500 loss: 0.083 acc: 0.000000
Training for batch 18 is done
e:19/100, 100 loss: 0.157 acc: 0.000000
e:19/100, 200 loss: 0.199 acc: 0.000000
e:19/100, 300 loss: 0.193 acc: 0.000000
e:19/100, 400 loss: 0.154 acc: 0.000000
e:19/100, 500 loss: 0.132 acc: 0.000000
Training for batch 19 is done
e:20/100, 100 loss: 0.290 acc: 0.000000
e:20/100, 200 loss: 0.135 acc: 0.000000
e:20/100, 300 loss: 0.169 acc: 0.000000
e:20/100, 400 loss: 0.132 acc: 0.000000
e:20/100, 500 loss: 0.156 acc: 0.000000
Training for batch 20 is done
e:21/100, 100 loss: 0.096 acc: 0.000000
e:21/100, 200 loss: 0.042 acc: 0.000000
e:21/100, 300 loss: 0.034 acc: 0.000000
e:21/100, 400 loss: 0.134 acc: 0.000000
e:21/100, 500 loss: 0.108 acc: 0.000000
Training for batch 21 is done
e:22/100, 100 loss: 0.358 acc: 0.000000
e:22/100, 200 loss: 0.202 acc: 0.000000
e:22/100, 300 loss: 0.188 acc: 0.000000
e:22/100, 400 loss: 0.170 acc: 0.000000
e:22/100, 500 loss: 0.157 acc: 0.000000
Training for batch 22 is done
e:23/100, 100 loss: 0.207 acc: 0.000000
e:23/100, 200 loss: 0.118 acc: 0.000000
e:23/100, 300 loss: 0.169 acc: 0.000000
e:23/100, 400 loss: 0.071 acc: 0.000000
e:23/100, 500 loss: 0.122 acc: 0.000000
Training for batch 23 is done
e:24/100, 100 loss: 0.538 acc: 0.000000
e:24/100, 200 loss: 0.372 acc: 0.000000
e:24/100, 300 loss: 0.359 acc: 0.000000
e:24/100, 400 loss: 0.299 acc: 0.000000
e:24/100, 500 loss: 0.275 acc: 0.000000
Training for batch 24 is done
e:25/100, 100 loss: 0.171 acc: 0.000000
e:25/100, 200 loss: 0.150 acc: 0.000000
e:25/100, 300 loss: 0.102 acc: 0.000000
e:25/100, 400 loss: 0.079 acc: 0.000000
e:25/100, 500 loss: 0.184 acc: 0.000000
Training for batch 25 is done
e:26/100, 100 loss: 0.225 acc: 1.000000
e:26/100, 200 loss: 0.111 acc: 0.000000
e:26/100, 300 loss: 0.110 acc: 0.000000
e:26/100, 400 loss: 0.126 acc: 0.000000
e:26/100, 500 loss: 0.176 acc: 0.000000
Training for batch 26 is done
e:27/100, 100 loss: 0.168 acc: 0.000000
e:27/100, 200 loss: 0.066 acc: 0.000000
e:27/100, 300 loss: 0.117 acc: 0.000000
e:27/100, 400 loss: 0.075 acc: 0.000000
e:27/100, 500 loss: 0.054 acc: 0.000000
Training for batch 27 is done
e:28/100, 100 loss: 0.361 acc: 0.000000
e:28/100, 200 loss: 0.191 acc: 0.000000
e:28/100, 300 loss: 0.140 acc: 0.000000
e:28/100, 400 loss: 0.233 acc: 0.000000
e:28/100, 500 loss: 0.172 acc: 0.000000
Training for batch 28 is done
e:29/100, 100 loss: 0.448 acc: 0.000000
e:29/100, 200 loss: 0.295 acc: 0.000000
e:29/100, 300 loss: 0.276 acc: 0.000000
e:29/100, 400 loss: 0.332 acc: 0.000000
e:29/100, 500 loss: 0.284 acc: 0.000000
Training for batch 29 is done
e:30/100, 100 loss: 0.679 acc: 0.000000
e:30/100, 200 loss: 0.452 acc: 0.000000
e:30/100, 300 loss: 0.472 acc: 0.000000
e:30/100, 400 loss: 0.364 acc: 0.000000
e:30/100, 500 loss: 0.433 acc: 0.000000
Training for batch 30 is done
e:31/100, 100 loss: 0.317 acc: 0.000000
e:31/100, 200 loss: 0.142 acc: 0.000000
e:31/100, 300 loss: 0.207 acc: 0.000000
e:31/100, 400 loss: 0.152 acc: 0.000000
e:31/100, 500 loss: 0.118 acc: 0.000000
Training for batch 31 is done
e:32/100, 100 loss: 0.586 acc: 0.000000
e:32/100, 200 loss: 0.435 acc: 0.000000
e:32/100, 300 loss: 0.405 acc: 0.000000
e:32/100, 400 loss: 0.393 acc: 0.000000
e:32/100, 500 loss: 0.309 acc: 0.000000
Training for batch 32 is done
e:33/100, 100 loss: 0.370 acc: 0.000000
e:33/100, 200 loss: 0.190 acc: 0.000000
e:33/100, 300 loss: 0.173 acc: 0.000000
e:33/100, 400 loss: 0.164 acc: 0.000000
e:33/100, 500 loss: 0.174 acc: 0.000000
Training for batch 33 is done
e:34/100, 100 loss: 0.301 acc: 0.000000
e:34/100, 200 loss: 0.144 acc: 0.000000
e:34/100, 300 loss: 0.115 acc: 0.000000
e:34/100, 400 loss: 0.225 acc: 0.000000
e:34/100, 500 loss: 0.225 acc: 0.000000
Training for batch 34 is done
e:35/100, 100 loss: 0.342 acc: 0.000000
e:35/100, 200 loss: 0.209 acc: 0.000000
e:35/100, 300 loss: 0.239 acc: 0.000000
e:35/100, 400 loss: 0.221 acc: 0.000000
e:35/100, 500 loss: 0.163 acc: 0.000000
Training for batch 35 is done
e:36/100, 100 loss: 0.283 acc: 0.000000
e:36/100, 200 loss: 0.146 acc: 0.000000
e:36/100, 300 loss: 0.125 acc: 0.000000
e:36/100, 400 loss: 0.110 acc: 0.000000
e:36/100, 500 loss: 0.102 acc: 0.000000
Training for batch 36 is done
e:37/100, 100 loss: 0.300 acc: 0.000000
e:37/100, 200 loss: 0.207 acc: 0.000000
e:37/100, 300 loss: 0.164 acc: 0.000000
e:37/100, 400 loss: 0.278 acc: 0.000000
e:37/100, 500 loss: 0.259 acc: 0.000000
Training for batch 37 is done
e:38/100, 100 loss: 0.325 acc: 0.000000
e:38/100, 200 loss: 0.183 acc: 0.000000
e:38/100, 300 loss: 0.138 acc: 0.000000
e:38/100, 400 loss: 0.184 acc: 0.000000
e:38/100, 500 loss: 0.115 acc: 0.000000
Training for batch 38 is done
e:39/100, 100 loss: 0.171 acc: 0.000000
e:39/100, 200 loss: 0.127 acc: 0.000000
e:39/100, 300 loss: 0.150 acc: 0.000000
e:39/100, 400 loss: 0.159 acc: 0.000000
e:39/100, 500 loss: 0.053 acc: 0.000000
Training for batch 39 is done
e:40/100, 100 loss: 0.515 acc: 0.000000
e:40/100, 200 loss: 0.284 acc: 0.000000
e:40/100, 300 loss: 0.262 acc: 0.000000
e:40/100, 400 loss: 0.342 acc: 1.000000
e:40/100, 500 loss: 0.278 acc: 0.000000
Training for batch 40 is done
e:41/100, 100 loss: 0.760 acc: 0.000000
e:41/100, 200 loss: 0.498 acc: 0.000000
e:41/100, 300 loss: 0.456 acc: 0.000000
e:41/100, 400 loss: 0.469 acc: 0.000000
e:41/100, 500 loss: 0.478 acc: 0.000000
Training for batch 41 is done
e:42/100, 100 loss: 0.231 acc: 0.000000
e:42/100, 200 loss: 0.096 acc: 0.000000
e:42/100, 300 loss: 0.111 acc: 0.000000
e:42/100, 400 loss: 0.152 acc: 0.000000
e:42/100, 500 loss: 0.068 acc: 0.000000
Training for batch 42 is done
e:43/100, 100 loss: 0.579 acc: 0.000000
e:43/100, 200 loss: 0.458 acc: 0.000000
e:43/100, 300 loss: 0.469 acc: 0.000000
e:43/100, 400 loss: 0.402 acc: 0.000000
e:43/100, 500 loss: 0.459 acc: 1.000000
Training for batch 43 is done
e:44/100, 100 loss: 0.282 acc: 0.000000
e:44/100, 200 loss: 0.161 acc: 0.000000
e:44/100, 300 loss: 0.191 acc: 0.000000
e:44/100, 400 loss: 0.190 acc: 0.000000
e:44/100, 500 loss: 0.151 acc: 0.000000
Training for batch 44 is done
e:45/100, 100 loss: 1.743 acc: 0.000000
e:45/100, 200 loss: 1.115 acc: 0.000000
e:45/100, 300 loss: 1.013 acc: 0.000000
e:45/100, 400 loss: 0.969 acc: 0.000000
e:45/100, 500 loss: 0.919 acc: 0.000000
Training for batch 45 is done
e:46/100, 100 loss: 0.553 acc: 0.000000
e:46/100, 200 loss: 0.410 acc: 0.000000
e:46/100, 300 loss: 0.376 acc: 0.000000
e:46/100, 400 loss: 0.367 acc: 0.000000
e:46/100, 500 loss: 0.390 acc: 0.000000
Training for batch 46 is done
e:47/100, 100 loss: 0.158 acc: 0.000000
e:47/100, 200 loss: 0.105 acc: 0.000000
e:47/100, 300 loss: 0.195 acc: 0.000000
e:47/100, 400 loss: 0.199 acc: 0.000000
e:47/100, 500 loss: 0.072 acc: 0.000000
Training for batch 47 is done
e:48/100, 100 loss: 0.388 acc: 0.000000
e:48/100, 200 loss: 0.291 acc: 0.000000
e:48/100, 300 loss: 0.269 acc: 0.000000
e:48/100, 400 loss: 0.243 acc: 0.000000
e:48/100, 500 loss: 0.260 acc: 0.000000
Training for batch 48 is done
e:49/100, 100 loss: 0.323 acc: 0.000000
e:49/100, 200 loss: 0.180 acc: 0.000000
e:49/100, 300 loss: 0.171 acc: 0.000000
e:49/100, 400 loss: 0.170 acc: 0.000000
e:49/100, 500 loss: 0.192 acc: 0.000000
Training for batch 49 is done
e:50/100, 100 loss: 0.166 acc: 1.000000
e:50/100, 200 loss: 0.146 acc: 0.000000
e:50/100, 300 loss: 0.176 acc: 0.000000
e:50/100, 400 loss: 0.115 acc: 0.000000
e:50/100, 500 loss: 0.137 acc: 0.000000
Training for batch 50 is done
e:51/100, 100 loss: 0.138 acc: 0.000000
e:51/100, 200 loss: 0.058 acc: 0.000000
e:51/100, 300 loss: 0.084 acc: 0.000000
e:51/100, 400 loss: 0.103 acc: 0.000000
e:51/100, 500 loss: 0.029 acc: 0.000000
Training for batch 51 is done
e:52/100, 100 loss: 0.151 acc: 0.000000
e:52/100, 200 loss: 0.198 acc: 0.000000
e:52/100, 300 loss: 0.146 acc: 0.000000
e:52/100, 400 loss: 0.115 acc: 0.000000
e:52/100, 500 loss: 0.104 acc: 0.000000
Training for batch 52 is done
e:53/100, 100 loss: 0.499 acc: 0.000000
e:53/100, 200 loss: 0.338 acc: 0.000000
e:53/100, 300 loss: 0.328 acc: 0.000000
e:53/100, 400 loss: 0.323 acc: 0.000000
e:53/100, 500 loss: 0.226 acc: 0.000000
Training for batch 53 is done
e:54/100, 100 loss: 0.513 acc: 0.000000
e:54/100, 200 loss: 0.396 acc: 0.000000
e:54/100, 300 loss: 0.301 acc: 0.000000
e:54/100, 400 loss: 0.362 acc: 0.000000
e:54/100, 500 loss: 0.274 acc: 0.000000
Training for batch 54 is done
e:55/100, 100 loss: 0.416 acc: 0.000000
e:55/100, 200 loss: 0.316 acc: 0.000000
e:55/100, 300 loss: 0.294 acc: 0.000000
e:55/100, 400 loss: 0.301 acc: 0.000000
e:55/100, 500 loss: 0.313 acc: 0.000000
Training for batch 55 is done
e:56/100, 100 loss: 0.153 acc: 0.000000
e:56/100, 200 loss: 0.154 acc: 0.000000
e:56/100, 300 loss: 0.116 acc: 0.000000
e:56/100, 400 loss: 0.090 acc: 0.000000
e:56/100, 500 loss: 0.084 acc: 0.000000
Training for batch 56 is done
e:57/100, 100 loss: 0.343 acc: 0.000000
e:57/100, 200 loss: 0.253 acc: 0.000000
e:57/100, 300 loss: 0.190 acc: 0.000000
e:57/100, 400 loss: 0.259 acc: 0.000000
e:57/100, 500 loss: 0.203 acc: 0.000000
Training for batch 57 is done
e:58/100, 100 loss: 0.159 acc: 0.000000
e:58/100, 200 loss: 0.108 acc: 0.000000
e:58/100, 300 loss: 0.089 acc: 0.000000
e:58/100, 400 loss: 0.098 acc: 0.000000
e:58/100, 500 loss: 0.097 acc: 0.000000
Training for batch 58 is done
e:59/100, 100 loss: 0.163 acc: 0.000000
e:59/100, 200 loss: 0.139 acc: 0.000000
e:59/100, 300 loss: 0.162 acc: 0.000000
e:59/100, 400 loss: 0.087 acc: 0.000000
e:59/100, 500 loss: 0.120 acc: 0.000000
Training for batch 59 is done
e:60/100, 100 loss: 0.584 acc: 0.000000
e:60/100, 200 loss: 0.482 acc: 0.000000
e:60/100, 300 loss: 0.403 acc: 0.000000
e:60/100, 400 loss: 0.468 acc: 0.000000
e:60/100, 500 loss: 0.403 acc: 0.000000
Training for batch 60 is done
e:61/100, 100 loss: 0.984 acc: 0.000000
e:61/100, 200 loss: 0.669 acc: 0.000000
e:61/100, 300 loss: 0.636 acc: 0.000000
e:61/100, 400 loss: 0.662 acc: 0.000000
e:61/100, 500 loss: 0.654 acc: 0.000000
Training for batch 61 is done
e:62/100, 100 loss: 0.775 acc: 0.000000
e:62/100, 200 loss: 0.469 acc: 0.000000
e:62/100, 300 loss: 0.368 acc: 0.000000
e:62/100, 400 loss: 0.326 acc: 0.000000
e:62/100, 500 loss: 0.326 acc: 0.000000
Training for batch 62 is done
e:63/100, 100 loss: 0.514 acc: 0.000000
e:63/100, 200 loss: 0.362 acc: 0.000000
e:63/100, 300 loss: 0.287 acc: 0.000000
e:63/100, 400 loss: 0.280 acc: 0.000000
e:63/100, 500 loss: 0.325 acc: 0.000000
Training for batch 63 is done
e:64/100, 100 loss: 0.523 acc: 0.000000
e:64/100, 200 loss: 0.306 acc: 0.000000
e:64/100, 300 loss: 0.312 acc: 0.000000
e:64/100, 400 loss: 0.332 acc: 0.000000
e:64/100, 500 loss: 0.287 acc: 0.000000
Training for batch 64 is done
e:65/100, 100 loss: 0.339 acc: 0.000000
e:65/100, 200 loss: 0.269 acc: 0.000000
e:65/100, 300 loss: 0.273 acc: 0.000000
e:65/100, 400 loss: 0.275 acc: 0.000000
e:65/100, 500 loss: 0.278 acc: 0.000000
Training for batch 65 is done
e:66/100, 100 loss: 0.339 acc: 0.000000
e:66/100, 200 loss: 0.170 acc: 0.000000
e:66/100, 300 loss: 0.198 acc: 0.000000
e:66/100, 400 loss: 0.130 acc: 0.000000
e:66/100, 500 loss: 0.231 acc: 0.000000
Training for batch 66 is done
e:67/100, 100 loss: 0.138 acc: 0.000000
e:67/100, 200 loss: 0.127 acc: 0.000000
e:67/100, 300 loss: 0.186 acc: 0.000000
e:67/100, 400 loss: 0.083 acc: 0.000000
e:67/100, 500 loss: 0.145 acc: 0.000000
Training for batch 67 is done
e:68/100, 100 loss: 0.340 acc: 0.000000
e:68/100, 200 loss: 0.268 acc: 0.000000
e:68/100, 300 loss: 0.223 acc: 0.000000
e:68/100, 400 loss: 0.191 acc: 0.000000
e:68/100, 500 loss: 0.190 acc: 0.000000
Training for batch 68 is done
e:69/100, 100 loss: 0.606 acc: 0.000000
e:69/100, 200 loss: 0.396 acc: 0.000000
e:69/100, 300 loss: 0.392 acc: 0.000000
e:69/100, 400 loss: 0.304 acc: 1.000000
e:69/100, 500 loss: 0.317 acc: 0.000000
Training for batch 69 is done
e:70/100, 100 loss: 0.368 acc: 0.000000
e:70/100, 200 loss: 0.212 acc: 0.000000
e:70/100, 300 loss: 0.193 acc: 0.000000
e:70/100, 400 loss: 0.191 acc: 0.000000
e:70/100, 500 loss: 0.204 acc: 0.000000
Training for batch 70 is done
e:71/100, 100 loss: 0.142 acc: 0.000000
e:71/100, 200 loss: 0.183 acc: 0.000000
e:71/100, 300 loss: 0.141 acc: 0.000000
e:71/100, 400 loss: 0.126 acc: 0.000000
e:71/100, 500 loss: 0.122 acc: 0.000000
Training for batch 71 is done
e:72/100, 100 loss: 0.166 acc: 0.000000
e:72/100, 200 loss: 0.175 acc: 0.000000
e:72/100, 300 loss: 0.155 acc: 0.000000
e:72/100, 400 loss: 0.163 acc: 0.000000
e:72/100, 500 loss: 0.174 acc: 0.000000
Training for batch 72 is done
e:73/100, 100 loss: 0.165 acc: 0.000000
e:73/100, 200 loss: 0.183 acc: 0.000000
e:73/100, 300 loss: 0.186 acc: 0.000000
e:73/100, 400 loss: 0.157 acc: 0.000000
e:73/100, 500 loss: 0.144 acc: 0.000000
Training for batch 73 is done
e:74/100, 100 loss: 0.109 acc: 0.000000
e:74/100, 200 loss: 0.148 acc: 0.000000
e:74/100, 300 loss: 0.027 acc: 0.000000
e:74/100, 400 loss: 0.051 acc: 0.000000
e:74/100, 500 loss: 0.017 acc: 0.000000
Training for batch 74 is done
e:75/100, 100 loss: 0.313 acc: 0.000000
e:75/100, 200 loss: 0.200 acc: 0.000000
e:75/100, 300 loss: 0.267 acc: 0.000000
e:75/100, 400 loss: 0.189 acc: 0.000000
e:75/100, 500 loss: 0.143 acc: 0.000000
Training for batch 75 is done
e:76/100, 100 loss: 0.690 acc: 0.000000
e:76/100, 200 loss: 0.414 acc: 0.000000
e:76/100, 300 loss: 0.356 acc: 0.000000
e:76/100, 400 loss: 0.328 acc: 0.000000
e:76/100, 500 loss: 0.319 acc: 1.000000
Training for batch 76 is done
e:77/100, 100 loss: 0.179 acc: 0.000000
e:77/100, 200 loss: 0.073 acc: 0.000000
e:77/100, 300 loss: 0.105 acc: 0.000000
e:77/100, 400 loss: 0.102 acc: 0.000000
e:77/100, 500 loss: 0.117 acc: 0.000000
Training for batch 77 is done
e:78/100, 100 loss: 0.349 acc: 0.000000
e:78/100, 200 loss: 0.174 acc: 0.000000
e:78/100, 300 loss: 0.141 acc: 0.000000
e:78/100, 400 loss: 0.122 acc: 0.000000
e:78/100, 500 loss: 0.120 acc: 0.000000
Training for batch 78 is done
e:79/100, 100 loss: 1.168 acc: 0.000000
e:79/100, 200 loss: 0.829 acc: 0.000000
e:79/100, 300 loss: 0.736 acc: 0.000000
e:79/100, 400 loss: 0.743 acc: 0.000000
e:79/100, 500 loss: 0.723 acc: 0.000000
Training for batch 79 is done
e:80/100, 100 loss: 0.167 acc: 0.000000
e:80/100, 200 loss: 0.075 acc: 0.000000
e:80/100, 300 loss: 0.036 acc: 0.000000
e:80/100, 400 loss: 0.073 acc: 0.000000
e:80/100, 500 loss: 0.149 acc: 0.000000
Training for batch 80 is done
e:81/100, 100 loss: 0.175 acc: 0.000000
e:81/100, 200 loss: 0.072 acc: 0.000000
e:81/100, 300 loss: 0.119 acc: 0.000000
e:81/100, 400 loss: 0.067 acc: 0.000000
e:81/100, 500 loss: 0.139 acc: 0.000000
Training for batch 81 is done
e:82/100, 100 loss: 0.306 acc: 0.000000
e:82/100, 200 loss: 0.269 acc: 0.000000
e:82/100, 300 loss: 0.250 acc: 0.000000
e:82/100, 400 loss: 0.187 acc: 0.000000
e:82/100, 500 loss: 0.246 acc: 0.000000
Training for batch 82 is done
e:83/100, 100 loss: 0.158 acc: 0.000000
e:83/100, 200 loss: 0.130 acc: 0.000000
e:83/100, 300 loss: 0.141 acc: 0.000000
e:83/100, 400 loss: 0.175 acc: 0.000000
e:83/100, 500 loss: 0.058 acc: 0.000000
Training for batch 83 is done
e:84/100, 100 loss: 0.226 acc: 0.000000
e:84/100, 200 loss: 0.226 acc: 0.000000
e:84/100, 300 loss: 0.177 acc: 0.000000
e:84/100, 400 loss: 0.137 acc: 0.000000
e:84/100, 500 loss: 0.189 acc: 0.000000
Training for batch 84 is done
e:85/100, 100 loss: 0.176 acc: 0.000000
e:85/100, 200 loss: 0.149 acc: 0.000000
e:85/100, 300 loss: 0.166 acc: 0.000000
e:85/100, 400 loss: 0.196 acc: 0.000000
e:85/100, 500 loss: 0.081 acc: 0.000000
Training for batch 85 is done
e:86/100, 100 loss: 0.311 acc: 0.000000
e:86/100, 200 loss: 0.230 acc: 0.000000
e:86/100, 300 loss: 0.239 acc: 0.000000
e:86/100, 400 loss: 0.191 acc: 0.000000
e:86/100, 500 loss: 0.154 acc: 0.000000
Training for batch 86 is done
e:87/100, 100 loss: 0.304 acc: 0.000000
e:87/100, 200 loss: 0.211 acc: 0.000000
e:87/100, 300 loss: 0.162 acc: 0.000000
e:87/100, 400 loss: 0.208 acc: 0.000000
e:87/100, 500 loss: 0.242 acc: 0.000000
Training for batch 87 is done
e:88/100, 100 loss: 0.688 acc: 0.000000
e:88/100, 200 loss: 0.474 acc: 0.000000
e:88/100, 300 loss: 0.448 acc: 0.000000
e:88/100, 400 loss: 0.373 acc: 0.000000
e:88/100, 500 loss: 0.409 acc: 0.000000
Training for batch 88 is done
e:89/100, 100 loss: 0.210 acc: 0.000000
e:89/100, 200 loss: 0.145 acc: 0.000000
e:89/100, 300 loss: 0.102 acc: 0.000000
e:89/100, 400 loss: 0.083 acc: 0.000000
e:89/100, 500 loss: 0.079 acc: 0.000000
Training for batch 89 is done
e:90/100, 100 loss: 0.195 acc: 0.000000
e:90/100, 200 loss: 0.096 acc: 0.000000
e:90/100, 300 loss: 0.089 acc: 0.000000
e:90/100, 400 loss: 0.069 acc: 0.000000
e:90/100, 500 loss: 0.070 acc: 0.000000
Training for batch 90 is done
e:91/100, 100 loss: 0.294 acc: 0.000000
e:91/100, 200 loss: 0.211 acc: 0.000000
e:91/100, 300 loss: 0.224 acc: 0.000000
e:91/100, 400 loss: 0.224 acc: 0.000000
e:91/100, 500 loss: 0.218 acc: 0.000000
Training for batch 91 is done
e:92/100, 100 loss: 0.203 acc: 0.000000
e:92/100, 200 loss: 0.180 acc: 0.000000
e:92/100, 300 loss: 0.147 acc: 0.000000
e:92/100, 400 loss: 0.129 acc: 0.000000
e:92/100, 500 loss: 0.126 acc: 0.000000
Training for batch 92 is done
e:93/100, 100 loss: 0.332 acc: 0.000000
e:93/100, 200 loss: 0.226 acc: 0.000000
e:93/100, 300 loss: 0.249 acc: 0.000000
e:93/100, 400 loss: 0.185 acc: 0.000000
e:93/100, 500 loss: 0.150 acc: 0.000000
Training for batch 93 is done
e:94/100, 100 loss: 0.523 acc: 0.000000
e:94/100, 200 loss: 0.288 acc: 0.000000
e:94/100, 300 loss: 0.336 acc: 0.000000
e:94/100, 400 loss: 0.279 acc: 0.000000
e:94/100, 500 loss: 0.246 acc: 0.000000
Training for batch 94 is done
e:95/100, 100 loss: 1.074 acc: 0.000000
e:95/100, 200 loss: 0.751 acc: 0.000000
e:95/100, 300 loss: 0.654 acc: 0.000000
e:95/100, 400 loss: 0.609 acc: 0.000000
e:95/100, 500 loss: 0.627 acc: 0.000000
Training for batch 95 is done
e:96/100, 100 loss: 0.555 acc: 0.000000
e:96/100, 200 loss: 0.363 acc: 0.000000
e:96/100, 300 loss: 0.289 acc: 0.000000
e:96/100, 400 loss: 0.344 acc: 0.000000
e:96/100, 500 loss: 0.244 acc: 0.000000
Training for batch 96 is done
e:97/100, 100 loss: 0.315 acc: 0.000000
e:97/100, 200 loss: 0.141 acc: 0.000000
e:97/100, 300 loss: 0.150 acc: 0.000000
e:97/100, 400 loss: 0.216 acc: 0.000000
e:97/100, 500 loss: 0.137 acc: 0.000000
Training for batch 97 is done
e:98/100, 100 loss: 0.689 acc: 0.000000
e:98/100, 200 loss: 0.476 acc: 0.000000
e:98/100, 300 loss: 0.394 acc: 0.000000
e:98/100, 400 loss: 0.450 acc: 0.000000
e:98/100, 500 loss: 0.450 acc: 0.000000
Training for batch 98 is done
e:99/100, 100 loss: 0.510 acc: 0.000000
e:99/100, 200 loss: 0.357 acc: 0.000000
e:99/100, 300 loss: 0.264 acc: 0.000000
e:99/100, 400 loss: 0.300 acc: 0.000000
e:99/100, 500 loss: 0.251 acc: 0.000000
Training for batch 99 is done
CW_kappa: 0
alpha: 1.0
beta: 0.01
gamma: 1.0
nr_epoch: 500
targeted_attack: False
use_cross_entropy_loss: False
Success rate: 1.0
Noise l1-norm: 8.608981091976165
Noise l2-norm: 0.2806957007199526
Noise l-inf: 0.008666667039506137
